【2004-08-10,09:33:38】:    未知错误类型,错误码:0
【2004-08-10,09:33:38】:    
【2004-08-10,09:33:38】:    检测读卡器失败
【2004-08-10,09:34:50】:    未知错误类型,错误码:0
【2004-08-10,09:34:50】:    读取磁道失败
【2004-08-10,09:34:50】:     读磁卡失败
【2004-08-10,09:35:46】:    未知错误类型,错误码:0
【2004-08-10,09:35:46】:    
【2004-08-10,09:35:46】:    检测读卡器失败
【2004-08-10,09:50:06】:    未知错误类型,错误码:0
【2004-08-10,09:50:06】:    
【2004-08-10,09:50:06】:    检测读卡器失败
【2004-08-10,09:51:56】:    未知错误类型,错误码:0
【2004-08-10,09:51:56】:    
【2004-08-10,09:51:57】:    检测读卡器失败
【2004-08-10,18:54:44】:    未知错误类型,错误码:0
【2004-08-10,18:54:44】:    
【2004-08-10,18:54:44】:    检测读卡器失败
【2004-08-10,18:56:41】:    未知错误类型,错误码:0
【2004-08-10,18:56:41】:    
【2004-08-10,18:56:41】:    检测读卡器失败
【2004-08-10,18:57:24】:    未知错误类型,错误码:0
【2004-08-10,18:57:33】:    未知错误类型,错误码:0
【2004-08-10,18:57:35】:    未知错误类型,错误码:0
【2004-08-10,18:57:38】:    未知错误类型,错误码:0
【2004-08-10,18:58:16】:    未知错误类型,错误码:0
【2004-08-10,18:58:16】:    
【2004-08-10,18:58:16】:    检测读卡器失败
【2004-08-10,19:00:53】:    未知错误类型,错误码:0
【2004-08-10,19:00:53】:    
【2004-08-10,19:00:53】:    检测读卡器失败
【2004-08-10,19:02:20】:    未知错误类型,错误码:0
【2004-08-10,19:02:20】:    
【2004-08-10,19:02:20】:    检测读卡器失败
【2004-08-10,19:07:06】:    未知错误类型,错误码:0
【2004-08-10,19:07:06】:    
【2004-08-10,19:07:06】:    检测读卡器失败
【2004-08-10,19:08:09】:    未知错误类型,错误码:0
【2004-08-10,19:08:09】:    
【2004-08-10,19:08:09】:    检测读卡器失败
【2004-08-10,19:10:51】:    未知错误类型,错误码:0
【2004-08-10,19:10:51】:    
【2004-08-10,19:10:51】:    检测读卡器失败
【2004-08-10,19:11:20】:    未知错误类型,错误码:0
【2004-08-10,19:11:20】:    
【2004-08-10,19:11:20】:    检测读卡器失败
【2004-08-10,19:14:41】:    未知错误类型,错误码:0
【2004-08-10,19:14:41】:    
【2004-08-10,19:14:41】:    检测读卡器失败
【2004-08-10,19:17:55】:    未知错误类型,错误码:0
【2004-08-10,19:17:55】:    
【2004-08-10,19:17:55】:    检测读卡器失败
【2004-08-10,19:19:15】:    未知错误类型,错误码:0
【2004-08-10,19:19:15】:    
【2004-08-10,19:19:15】:    检测读卡器失败
【2004-08-10,19:21:01】:    未知错误类型,错误码:0
【2004-08-10,19:21:01】:    
【2004-08-10,19:21:01】:    检测读卡器失败
【2004-08-10,19:24:37】:    未知错误类型,错误码:0
【2004-08-10,19:24:37】:    
【2004-08-10,19:24:37】:    检测读卡器失败
【2004-08-10,19:26:04】:    未知错误类型,错误码:0
【2004-08-10,19:26:04】:    
【2004-08-10,19:26:04】:    检测读卡器失败
【2004-08-10,19:28:15】:    未知错误类型,错误码:0
【2004-08-10,19:28:16】:    
【2004-08-10,19:28:16】:    检测读卡器失败
【2004-08-10,19:28:30】:    未知错误类型,错误码:0
【2004-08-10,19:28:30】:    
【2004-08-10,19:28:30】:    检测读卡器失败
【2004-08-10,19:29:02】:    未知错误类型,错误码:0
【2004-08-10,19:29:02】:    
【2004-08-10,19:29:02】:    检测读卡器失败
【2004-08-10,19:29:39】:    未知错误类型,错误码:0
【2004-08-10,19:29:39】:    
【2004-08-10,19:29:39】:    检测读卡器失败
【2004-08-10,20:03:05】:    未知错误类型,错误码:0
【2004-08-10,20:03:05】:    
【2004-08-10,20:03:05】:    检测读卡器失败
【2004-08-10,20:03:32】:    未知错误类型,错误码:0
【2004-08-10,20:03:32】:    
【2004-08-10,20:03:32】:    检测读卡器失败
【2004-08-10,20:05:23】:    未知错误类型,错误码:0
【2004-08-10,20:05:23】:    
【2004-08-10,20:05:23】:    检测读卡器失败
【2004-08-10,20:09:06】:    未知错误类型,错误码:0
【2004-08-10,20:09:06】:    
【2004-08-10,20:09:06】:    检测读卡器失败
【2004-08-10,20:13:32】:    未知错误类型,错误码:0
【2004-08-10,20:13:32】:    
【2004-08-10,20:13:32】:    检测读卡器失败
【2004-08-10,20:14:11】:    未知错误类型,错误码:0
【2004-08-10,20:14:11】:    
【2004-08-10,20:14:11】:    检测读卡器失败
【2004-08-10,20:15:38】:    未知错误类型,错误码:0
【2004-08-10,20:15:38】:    
【2004-08-10,20:15:38】:    检测读卡器失败
【2004-08-10,20:16:10】:    未知错误类型,错误码:0
【2004-08-10,20:16:10】:    
【2004-08-10,20:16:10】:    检测读卡器失败
【2004-08-10,20:16:44】:    未知错误类型,错误码:0
【2004-08-10,20:16:44】:    
【2004-08-10,20:16:44】:    检测读卡器失败
【2004-08-10,20:17:43】:    未知错误类型,错误码:0
【2004-08-10,20:17:43】:    
【2004-08-10,20:17:43】:    检测读卡器失败
【2004-08-10,20:21:58】:    未知错误类型,错误码:0
【2004-08-10,20:21:58】:    
【2004-08-10,20:21:58】:    检测读卡器失败
【2004-08-10,20:24:59】:    未知错误类型,错误码:0
【2004-08-10,20:24:59】:    
【2004-08-10,20:24:59】:    检测读卡器失败
【2004-08-10,20:25:52】:    未知错误类型,错误码:0
【2004-08-10,20:25:52】:    
【2004-08-10,20:25:52】:    检测读卡器失败
【2004-08-10,20:26:48】:    未知错误类型,错误码:0
【2004-08-10,20:26:49】:    
【2004-08-10,20:26:49】:    检测读卡器失败
【2004-08-10,20:27:50】:    未知错误类型,错误码:0
【2004-08-10,20:27:50】:    
【2004-08-10,20:27:50】:    检测读卡器失败
【2004-08-10,20:28:11】:    未知错误类型,错误码:0
【2004-08-10,20:28:11】:    
【2004-08-10,20:28:12】:    检测读卡器失败
【2004-08-10,20:28:46】:    未知错误类型,错误码:0
【2004-08-10,20:28:46】:    
【2004-08-10,20:28:46】:    检测读卡器失败
【2004-08-10,20:29:54】:    未知错误类型,错误码:0
【2004-08-10,20:29:54】:    
【2004-08-10,20:29:54】:    检测读卡器失败
【2004-08-10,20:36:56】:    未知错误类型,错误码:0
【2004-08-10,20:36:56】:    
【2004-08-10,20:36:56】:    检测读卡器失败
【2004-08-10,20:38:51】:    未知错误类型,错误码:0
【2004-08-10,20:38:51】:    
【2004-08-10,20:38:51】:    检测读卡器失败
【2004-08-10,20:39:42】:    未知错误类型,错误码:0
【2004-08-10,20:39:42】:    
【2004-08-10,20:39:42】:    检测读卡器失败
【2004-08-10,20:40:07】:    未知错误类型,错误码:0
【2004-08-10,20:40:07】:    
【2004-08-10,20:40:07】:    检测读卡器失败
【2004-08-10,20:48:45】:    未知错误类型,错误码:0
【2004-08-10,20:48:45】:    
【2004-08-10,20:48:45】:    检测读卡器失败
【2004-08-10,20:50:38】:    未知错误类型,错误码:0
【2004-08-10,20:50:39】:    
【2004-08-10,20:50:39】:    检测读卡器失败
【2004-08-10,20:51:25】:    未知错误类型,错误码:0
【2004-08-10,20:51:25】:    
【2004-08-10,20:51:25】:    检测读卡器失败
【2004-08-10,20:58:04】:    未知错误类型,错误码:0
【2004-08-10,20:58:04】:    
【2004-08-10,20:58:04】:    检测读卡器失败
【2004-08-10,21:04:20】:    未知错误类型,错误码:0
【2004-08-10,21:04:20】:    
【2004-08-10,21:04:20】:    检测读卡器失败
【2004-08-10,21:05:36】:    未知错误类型,错误码:0
【2004-08-10,21:05:36】:    
【2004-08-10,21:05:36】:    检测读卡器失败
【2004-08-10,21:07:11】:    未知错误类型,错误码:0
【2004-08-10,21:07:11】:    
【2004-08-10,21:07:11】:    检测读卡器失败
【2004-08-10,21:09:00】:    未知错误类型,错误码:0
【2004-08-10,21:09:00】:    
【2004-08-10,21:09:00】:    检测读卡器失败
【2004-08-10,21:10:02】:    未知错误类型,错误码:0
【2004-08-10,21:10:03】:    
【2004-08-10,21:10:03】:    检测读卡器失败
【2004-08-10,21:10:18】:    未知错误类型,错误码:0
【2004-08-10,21:10:19】:    
【2004-08-10,21:10:19】:    检测读卡器失败
【2004-08-10,21:10:35】:    未知错误类型,错误码:0
【2004-08-10,21:10:35】:    
【2004-08-10,21:10:35】:    检测读卡器失败
【2004-08-10,21:11:06】:    未知错误类型,错误码:0
【2004-08-10,21:11:06】:    
【2004-08-10,21:11:06】:    检测读卡器失败
【2004-08-10,21:12:11】:    未知错误类型,错误码:0
【2004-08-10,21:12:11】:    
【2004-08-10,21:12:11】:    检测读卡器失败
【2004-08-10,21:12:38】:    未知错误类型,错误码:0
【2004-08-10,21:12:38】:    
【2004-08-10,21:12:38】:    检测读卡器失败
【2004-08-10,21:15:15】:    未知错误类型,错误码:0
【2004-08-10,21:15:15】:    
【2004-08-10,21:15:15】:    检测读卡器失败
【2004-08-10,21:20:59】:    未知错误类型,错误码:0
【2004-08-10,21:20:59】:    
【2004-08-10,21:20:59】:    检测读卡器失败
【2004-08-10,21:25:21】:    未知错误类型,错误码:0
【2004-08-10,21:25:21】:    
【2004-08-10,21:25:21】:    检测读卡器失败
【2004-08-10,21:26:52】:    未知错误类型,错误码:0
【2004-08-10,21:26:52】:    
【2004-08-10,21:26:52】:    检测读卡器失败
【2004-08-10,21:29:12】:    未知错误类型,错误码:0
【2004-08-10,21:29:13】:    
【2004-08-10,21:29:13】:    检测读卡器失败
【2004-08-10,21:30:29】:    未知错误类型,错误码:0
【2004-08-10,21:30:29】:    
【2004-08-10,21:30:29】:    检测读卡器失败
【2004-08-10,21:32:52】:    未知错误类型,错误码:0
【2004-08-10,21:32:52】:    
【2004-08-10,21:32:52】:    检测读卡器失败
【2004-08-10,21:34:05】:    未知错误类型,错误码:0
【2004-08-10,21:34:05】:    
【2004-08-10,21:34:05】:    检测读卡器失败
【2004-08-10,21:35:22】:    未知错误类型,错误码:0
【2004-08-10,21:35:22】:    
【2004-08-10,21:35:22】:    检测读卡器失败
【2004-08-10,21:36:01】:    未知错误类型,错误码:0
【2004-08-10,21:36:01】:    
【2004-08-10,21:36:01】:    检测读卡器失败
【2004-08-10,21:36:33】:    未知错误类型,错误码:0
【2004-08-10,21:36:33】:    
【2004-08-10,21:36:33】:    检测读卡器失败
【2004-08-10,21:38:07】:    未知错误类型,错误码:0
【2004-08-10,21:38:07】:    
【2004-08-10,21:38:07】:    检测读卡器失败
【2004-08-10,21:38:29】:    未知错误类型,错误码:0
【2004-08-10,21:38:30】:    
【2004-08-10,21:38:30】:    检测读卡器失败
【2004-08-10,21:44:18】:    未知错误类型,错误码:0
【2004-08-10,21:44:18】:    
【2004-08-10,21:44:18】:    检测读卡器失败
【2004-08-10,21:47:46】:    未知错误类型,错误码:0
【2004-08-10,21:47:46】:    
【2004-08-10,21:47:46】:    检测读卡器失败
【2004-08-10,21:48:34】:    未知错误类型,错误码:0
【2004-08-10,21:48:34】:    
【2004-08-10,21:48:34】:    检测读卡器失败
【2004-08-10,21:50:06】:    未知错误类型,错误码:0
【2004-08-10,21:50:06】:    
【2004-08-10,21:50:06】:    检测读卡器失败
【2004-08-10,21:51:58】:    未知错误类型,错误码:0
【2004-08-10,21:51:58】:    
【2004-08-10,21:51:58】:    检测读卡器失败
【2004-08-10,21:57:11】:    未知错误类型,错误码:0
【2004-08-10,21:57:11】:    
【2004-08-10,21:57:11】:    检测读卡器失败
【2004-08-10,21:58:06】:    未知错误类型,错误码:0
【2004-08-10,21:58:07】:    
【2004-08-10,21:58:07】:    检测读卡器失败
【2004-08-10,21:59:09】:    未知错误类型,错误码:0
【2004-08-10,21:59:09】:    
【2004-08-10,21:59:09】:    检测读卡器失败
【2004-08-10,22:07:19】:    未知错误类型,错误码:0
【2004-08-10,22:07:19】:    
【2004-08-10,22:07:19】:    检测读卡器失败
【2004-08-10,22:12:57】:    未知错误类型,错误码:0
【2004-08-10,22:12:57】:    
【2004-08-10,22:12:57】:    检测读卡器失败
【2004-08-10,22:17:37】:    未知错误类型,错误码:0
【2004-08-10,22:17:37】:    
【2004-08-10,22:17:37】:    检测读卡器失败
【2004-08-10,22:18:31】:    未知错误类型,错误码:0
【2004-08-10,22:18:31】:    
【2004-08-10,22:18:31】:    检测读卡器失败
【2004-08-10,22:20:14】:    未知错误类型,错误码:0
【2004-08-10,22:20:14】:    
【2004-08-10,22:20:14】:    检测读卡器失败
【2004-08-10,22:22:07】:    未知错误类型,错误码:0
【2004-08-10,22:22:07】:    
【2004-08-10,22:22:07】:    检测读卡器失败
【2004-08-10,22:23:39】:    未知错误类型,错误码:0
【2004-08-10,22:23:39】:    
【2004-08-10,22:23:39】:    检测读卡器失败
【2004-08-10,22:24:05】:    未知错误类型,错误码:0
【2004-08-10,22:24:05】:    
【2004-08-10,22:24:05】:    检测读卡器失败
【2004-08-10,22:25:57】:    未知错误类型,错误码:0
【2004-08-10,22:25:57】:    
【2004-08-10,22:25:57】:    检测读卡器失败
【2004-08-10,22:29:52】:    未知错误类型,错误码:0
【2004-08-10,22:29:52】:    
【2004-08-10,22:29:52】:    检测读卡器失败
【2004-08-10,22:30:19】:    未知错误类型,错误码:0
【2004-08-10,22:30:19】:    
【2004-08-10,22:30:19】:    检测读卡器失败
