【2004-08-09,09:06:10】:    未知错误类型,错误码:0
【2004-08-09,09:06:10】:    
【2004-08-09,09:06:11】:    检测读卡器失败
【2004-08-09,09:06:16】:    未知错误类型,错误码:0
【2004-08-09,09:06:16】:    读取磁道失败
【2004-08-09,09:06:16】:     读磁卡失败
【2004-08-09,09:06:18】:    未知错误类型,错误码:0
【2004-08-09,09:06:18】:    读取磁道失败
【2004-08-09,09:06:18】:     读磁卡失败
【2004-08-09,09:06:40】:    未知错误类型,错误码:0
【2004-08-09,09:06:40】:    
【2004-08-09,09:06:40】:    检测读卡器失败
【2004-08-09,09:16:27】:    未知错误类型,错误码:0
【2004-08-09,09:16:27】:    
【2004-08-09,09:16:27】:    检测读卡器失败
【2004-08-09,09:25:33】:    未知错误类型,错误码:0
【2004-08-09,09:25:33】:    
【2004-08-09,09:25:33】:    检测读卡器失败
【2004-08-09,11:08:57】:    未知错误类型,错误码:0
【2004-08-09,11:08:57】:    
【2004-08-09,11:08:58】:    检测读卡器失败
【2004-08-09,11:09:46】:    未知错误类型,错误码:0
【2004-08-09,11:09:46】:    
【2004-08-09,11:09:46】:    检测读卡器失败
【2004-08-09,11:10:46】:    未知错误类型,错误码:0
【2004-08-09,11:10:46】:    
【2004-08-09,11:10:46】:    检测读卡器失败
【2004-08-09,11:34:11】:    未知错误类型,错误码:0
【2004-08-09,11:34:11】:    
【2004-08-09,11:34:11】:    检测读卡器失败
【2004-08-09,11:37:08】:    未知错误类型,错误码:0
【2004-08-09,11:37:08】:    
【2004-08-09,11:37:08】:    检测读卡器失败
【2004-08-09,15:15:48】:    未知错误类型,错误码:0
【2004-08-09,15:15:48】:    
【2004-08-09,15:15:49】:    检测读卡器失败
【2004-08-09,15:20:06】:    未知错误类型,错误码:0
【2004-08-09,15:20:07】:    
【2004-08-09,15:20:07】:    检测读卡器失败
【2004-08-09,15:23:30】:    未知错误类型,错误码:0
【2004-08-09,15:23:30】:    
【2004-08-09,15:23:31】:    检测读卡器失败
【2004-08-09,15:46:24】:    未知错误类型,错误码:0
【2004-08-09,15:46:24】:    
【2004-08-09,15:46:24】:    检测读卡器失败
【2004-08-09,15:57:23】:    未知错误类型,错误码:0
【2004-08-09,15:57:23】:    
【2004-08-09,15:57:23】:    检测读卡器失败
【2004-08-09,16:31:58】:    未知错误类型,错误码:0
【2004-08-09,16:31:58】:    
【2004-08-09,16:31:58】:    检测读卡器失败
【2004-08-09,16:50:26】:    未知错误类型,错误码:0
【2004-08-09,16:50:26】:    
【2004-08-09,16:50:26】:    检测读卡器失败
【2004-08-09,17:06:18】:    未知错误类型,错误码:0
【2004-08-09,17:06:18】:    
【2004-08-09,17:06:18】:    检测读卡器失败
