【2004-09-17,05:26:33】:    IC卡使用串口Com2
【2004-09-17,05:26:33】:    
【2004-09-17,05:26:33】:    未知错误类型,错误码:0
【2004-09-17,05:26:33】:    IC打开串口失败
【2004-09-17,05:34:20】:    IC卡使用串口Com2
【2004-09-17,05:34:20】:    
【2004-09-17,05:34:20】:    未知错误类型,错误码:0
【2004-09-17,05:34:20】:    IC打开串口失败
【2004-09-17,05:35:14】:    IC卡使用串口Com2
【2004-09-17,05:35:14】:    
【2004-09-17,05:35:14】:    未知错误类型,错误码:0
【2004-09-17,05:35:14】:    IC打开串口失败
【2004-09-17,05:37:08】:    IC卡使用串口Com4
【2004-09-17,05:37:08】:    
【2004-09-17,05:37:08】:    
【2004-09-17,05:37:08】:    IC卡检测成功
【2004-09-17,05:37:09】:    在固定时间内没有读到所要的结束字符
【2004-09-17,05:37:09】:    IC1
【2004-09-17,05:37:09】:    在固定时间内没有读到所要的结束字符
【2004-09-17,05:37:09】:    IC1
【2004-09-17,05:37:09】:    
【2004-09-17,05:38:49】:    IC卡使用串口Com4
【2004-09-17,05:38:49】:    
【2004-09-17,05:38:49】:    
【2004-09-17,05:38:49】:    IC卡检测成功
【2004-09-17,05:38:49】:    在固定时间内没有读到所要的结束字符
【2004-09-17,05:38:50】:    IC1
【2004-09-17,05:38:50】:    在固定时间内没有读到所要的结束字符
【2004-09-17,05:38:50】:    IC1
【2004-09-17,05:38:50】:    
【2004-09-17,05:41:47】:    IC卡使用串口Com4
【2004-09-17,05:41:47】:    
【2004-09-17,05:41:47】:    
【2004-09-17,05:41:47】:    IC卡检测成功
【2004-09-17,05:41:48】:    在固定时间内没有读到所要的结束字符
【2004-09-17,05:41:48】:    IC1
【2004-09-17,05:41:49】:    在固定时间内没有读到所要的结束字符
【2004-09-17,05:41:49】:    IC1
【2004-09-17,05:41:49】:    
【2004-09-17,05:42:09】:    IC卡使用串口Com4
【2004-09-17,05:42:09】:    
【2004-09-17,05:42:09】:    
【2004-09-17,05:42:09】:    IC卡检测成功
【2004-09-17,05:42:10】:    在固定时间内没有读到所要的结束字符
【2004-09-17,05:42:10】:    IC1
【2004-09-17,05:42:11】:    在固定时间内没有读到所要的结束字符
【2004-09-17,05:42:11】:    IC1
【2004-09-17,05:42:11】:    
【2004-09-17,05:47:19】:    IC卡使用串口Com4
【2004-09-17,05:47:19】:    
【2004-09-17,05:47:19】:    
【2004-09-17,05:47:19】:    IC卡检测成功
【2004-09-17,05:47:20】:    在固定时间内没有读到所要的结束字符
【2004-09-17,05:47:20】:    IC1
【2004-09-17,05:47:20】:    在固定时间内没有读到所要的结束字符
【2004-09-17,05:47:20】:    IC1
【2004-09-17,05:47:21】:    
【2004-09-17,05:49:30】:    IC卡使用串口Com4
【2004-09-17,05:49:30】:    
【2004-09-17,05:49:30】:    
【2004-09-17,05:49:30】:    IC卡检测成功
【2004-09-17,05:49:31】:    在固定时间内没有读到所要的结束字符
【2004-09-17,05:49:31】:    IC1
【2004-09-17,05:49:32】:    在固定时间内没有读到所要的结束字符
【2004-09-17,05:49:32】:    IC1
【2004-09-17,05:49:32】:    
【2004-09-17,05:49:56】:    IC卡使用串口Com4
【2004-09-17,05:49:56】:    
【2004-09-17,05:49:56】:    
【2004-09-17,05:49:56】:    IC卡检测成功
【2004-09-17,05:49:57】:    在固定时间内没有读到所要的结束字符
【2004-09-17,05:49:57】:    IC1
【2004-09-17,05:49:58】:    在固定时间内没有读到所要的结束字符
【2004-09-17,05:49:58】:    IC1
【2004-09-17,05:49:58】:    
【2004-09-17,05:51:29】:    IC卡使用串口Com4
【2004-09-17,05:51:29】:    
【2004-09-17,05:51:30】:    
【2004-09-17,05:51:30】:    IC卡检测成功
【2004-09-17,05:51:30】:    在固定时间内没有读到所要的结束字符
【2004-09-17,05:51:30】:    IC1
【2004-09-17,05:51:31】:    在固定时间内没有读到所要的结束字符
【2004-09-17,05:51:31】:    IC1
【2004-09-17,05:51:31】:    
【2004-09-17,05:52:10】:    IC卡使用串口Com4
【2004-09-17,05:52:10】:    
【2004-09-17,05:52:10】:    
【2004-09-17,05:52:10】:    IC卡检测成功
【2004-09-17,05:52:11】:    在固定时间内没有读到所要的结束字符
【2004-09-17,05:52:11】:    IC1
【2004-09-17,05:52:12】:    在固定时间内没有读到所要的结束字符
【2004-09-17,05:52:12】:    IC1
【2004-09-17,05:52:12】:    
【2004-09-17,06:07:35】:    IC卡使用串口Com4
【2004-09-17,06:07:35】:    
【2004-09-17,06:07:35】:    
【2004-09-17,06:07:35】:    IC卡检测成功
【2004-09-17,06:07:35】:    在固定时间内没有读到所要的结束字符
【2004-09-17,06:07:36】:    IC1
【2004-09-17,06:07:39】:    在固定时间内没有读到所要的结束字符
【2004-09-17,06:07:39】:    IC1
【2004-09-17,06:07:39】:    
【2004-09-17,06:07:57】:    IC卡使用串口Com4
【2004-09-17,06:07:57】:    
【2004-09-17,06:07:57】:    
【2004-09-17,06:07:57】:    IC卡检测成功
【2004-09-17,06:07:58】:    在固定时间内没有读到所要的结束字符
【2004-09-17,06:07:58】:    IC1
【2004-09-17,06:08:01】:    在固定时间内没有读到所要的结束字符
【2004-09-17,06:08:02】:    IC1
【2004-09-17,06:08:02】:    
【2004-09-17,06:10:04】:    IC卡使用串口Com4
【2004-09-17,06:10:04】:    
【2004-09-17,06:10:04】:    
【2004-09-17,06:10:04】:    IC卡检测成功
【2004-09-17,06:10:05】:    在固定时间内没有读到所要的结束字符
【2004-09-17,06:10:05】:    IC1
【2004-09-17,06:10:07】:    在固定时间内没有读到所要的结束字符
【2004-09-17,06:10:07】:    IC1
【2004-09-17,06:10:07】:    
【2004-09-17,06:10:20】:    IC卡使用串口Com4
【2004-09-17,06:10:20】:    
【2004-09-17,06:10:20】:    
【2004-09-17,06:10:20】:    IC卡检测成功
【2004-09-17,06:10:21】:    在固定时间内没有读到所要的结束字符
【2004-09-17,06:10:21】:    IC1
【2004-09-17,06:10:25】:    在固定时间内没有读到所要的结束字符
【2004-09-17,06:10:25】:    IC1
【2004-09-17,06:10:25】:    
【2004-09-17,06:11:51】:    IC卡使用串口Com4
【2004-09-17,06:11:52】:    
【2004-09-17,06:11:52】:    
【2004-09-17,06:11:52】:    IC卡检测成功
【2004-09-17,06:11:52】:    在固定时间内没有读到所要的结束字符
【2004-09-17,06:11:52】:    IC1
【2004-09-17,06:13:37】:    IC卡使用串口Com4
【2004-09-17,06:13:37】:    
【2004-09-17,06:13:37】:    
【2004-09-17,06:13:37】:    IC卡检测成功
【2004-09-17,06:13:38】:    在固定时间内没有读到所要的结束字符
【2004-09-17,06:13:38】:    IC1
【2004-09-17,06:13:40】:    在固定时间内没有读到所要的结束字符
【2004-09-17,06:13:40】:    IC1
【2004-09-17,06:13:58】:    IC卡使用串口Com4
【2004-09-17,06:13:58】:    
【2004-09-17,06:13:59】:    
【2004-09-17,06:13:59】:    IC卡检测成功
【2004-09-17,06:13:59】:    在固定时间内没有读到所要的结束字符
【2004-09-17,06:13:59】:    IC1
【2004-09-17,06:14:01】:    在固定时间内没有读到所要的结束字符
【2004-09-17,06:14:01】:    IC1
【2004-09-17,06:14:01】:    
【2004-09-17,06:14:10】:    IC卡使用串口Com4
【2004-09-17,06:14:10】:    
【2004-09-17,06:14:10】:    
【2004-09-17,06:14:10】:    IC卡检测成功
【2004-09-17,06:14:11】:    在固定时间内没有读到所要的结束字符
【2004-09-17,06:14:11】:    IC1
【2004-09-17,06:14:15】:    在固定时间内没有读到所要的结束字符
【2004-09-17,06:14:15】:    IC1
【2004-09-17,06:14:15】:    
【2004-09-17,06:15:26】:    IC卡使用串口Com4
【2004-09-17,06:15:26】:    
【2004-09-17,06:15:26】:    
【2004-09-17,06:15:26】:    IC卡检测成功
【2004-09-17,06:15:27】:    在固定时间内没有读到所要的结束字符
【2004-09-17,06:15:27】:    IC1
【2004-09-17,06:15:29】:    在固定时间内没有读到所要的结束字符
【2004-09-17,06:15:29】:    IC1
【2004-09-17,06:18:35】:    IC卡使用串口Com4
【2004-09-17,06:18:36】:    
【2004-09-17,06:18:36】:    IC卡检测成功
【2004-09-17,06:18:36】:    在固定时间内没有读到所要的结束字符
【2004-09-17,06:18:36】:    IC1
【2004-09-17,06:18:38】:    在固定时间内没有读到所要的结束字符
【2004-09-17,06:18:38】:    IC1
【2004-09-17,06:18:38】:    
【2004-09-17,06:20:17】:    IC卡使用串口Com4
【2004-09-17,06:20:17】:    
【2004-09-17,06:20:17】:    IC卡检测成功
【2004-09-17,06:20:17】:    在固定时间内没有读到所要的结束字符
【2004-09-17,06:20:17】:    IC1
【2004-09-17,06:20:21】:    在固定时间内没有读到所要的结束字符
【2004-09-17,06:20:21】:    IC1
【2004-09-17,06:20:21】:    
【2004-09-17,06:20:29】:    IC卡使用串口Com4
【2004-09-17,06:20:29】:    
【2004-09-17,06:20:29】:    IC卡检测成功
【2004-09-17,06:20:30】:    在固定时间内没有读到所要的结束字符
【2004-09-17,06:20:30】:    IC1
【2004-09-17,06:20:31】:    在固定时间内没有读到所要的结束字符
【2004-09-17,06:20:32】:    IC1
【2004-09-17,06:20:32】:    
【2004-09-17,06:20:35】:    IC卡使用串口Com4
【2004-09-17,06:20:35】:    
【2004-09-17,06:20:35】:    IC卡检测成功
【2004-09-17,06:20:36】:    在固定时间内没有读到所要的结束字符
【2004-09-17,06:20:36】:    IC1
【2004-09-17,06:20:40】:    在固定时间内没有读到所要的结束字符
【2004-09-17,06:20:40】:    IC1
【2004-09-17,06:20:40】:    
【2004-09-17,06:23:31】:    IC卡使用串口Com4
【2004-09-17,06:23:31】:    
【2004-09-17,06:23:31】:    IC卡检测成功
【2004-09-17,06:23:32】:    在固定时间内没有读到所要的结束字符
【2004-09-17,06:23:32】:    IC1
【2004-09-17,06:23:33】:    在固定时间内没有读到所要的结束字符
【2004-09-17,06:23:33】:    IC1
【2004-09-17,06:23:35】:    IC卡使用串口Com4
【2004-09-17,06:23:35】:    未知错误类型,错误码:0
【2004-09-17,06:23:35】:    IC打开串口失败
【2004-09-17,06:23:38】:    IC卡使用串口Com4
【2004-09-17,06:23:38】:    未知错误类型,错误码:0
【2004-09-17,06:23:38】:    IC打开串口失败
【2004-09-17,06:24:02】:    IC卡使用串口Com4
【2004-09-17,06:24:02】:    
【2004-09-17,06:24:02】:    IC卡检测成功
【2004-09-17,06:24:03】:    在固定时间内没有读到所要的结束字符
【2004-09-17,06:24:03】:    IC1
【2004-09-17,06:24:06】:    在固定时间内没有读到所要的结束字符
【2004-09-17,06:24:06】:    IC1
【2004-09-17,06:24:06】:    
【2004-09-17,06:24:09】:    IC卡使用串口Com4
【2004-09-17,06:24:09】:    
【2004-09-17,06:24:09】:    IC卡检测成功
【2004-09-17,06:24:10】:    在固定时间内没有读到所要的结束字符
【2004-09-17,06:24:10】:    IC1
【2004-09-17,06:24:14】:    在固定时间内没有读到所要的结束字符
【2004-09-17,06:24:14】:    IC1
【2004-09-17,06:24:14】:    
【2004-09-17,07:12:57】:    D:\program\hfgd8900\Debug\dll\icdll.dll读取失败
【2004-09-17,07:15:02】:    D:\program\hfgd8900\Debug\dll\icdll.dll读取失败
【2004-09-17,07:18:11】:    D:\program\hfgd8900\Debug\dll\icdll.dll读取失败
【2004-09-17,07:25:50】:    IC卡使用串口Com4
【2004-09-17,07:25:50】:    
【2004-09-17,07:25:50】:    IC卡检测成功
【2004-09-17,21:25:56】:    IC卡使用串口Com4
【2004-09-17,21:25:56】:    
【2004-09-17,21:25:56】:    IC卡检测成功
【2004-09-17,21:25:56】:    选择IC卡座成功
【2004-09-17,21:30:51】:    IC卡使用串口Com4
【2004-09-17,21:30:51】:    
【2004-09-17,21:30:51】:    IC卡检测成功
【2004-09-17,21:30:51】:    选择IC卡座成功
【2004-09-17,21:33:48】:    IC卡使用串口Com4
【2004-09-17,21:33:48】:    
【2004-09-17,21:33:48】:    IC卡检测成功
【2004-09-17,21:33:48】:    选择IC卡座成功
【2004-09-17,21:36:55】:    IC卡使用串口Com4
【2004-09-17,21:36:55】:    
【2004-09-17,21:36:55】:    IC卡检测成功
【2004-09-17,21:36:55】:    选择IC卡座成功
【2004-09-17,21:42:54】:    IC卡使用串口Com4
【2004-09-17,21:42:54】:    
【2004-09-17,21:42:54】:    IC卡检测成功
【2004-09-17,21:42:54】:    选择IC卡座成功
【2004-09-17,21:46:24】:    IC卡使用串口Com4
【2004-09-17,21:46:25】:    
【2004-09-17,21:46:25】:    IC卡检测成功
【2004-09-17,21:46:25】:    选择IC卡座成功
【2004-09-17,21:54:53】:    IC卡使用串口Com4
【2004-09-17,21:54:53】:    
【2004-09-17,21:54:53】:    IC卡检测成功
【2004-09-17,21:54:53】:    选择IC卡座成功
【2004-09-17,22:01:53】:    IC卡使用串口Com4
【2004-09-17,22:01:53】:    
【2004-09-17,22:01:53】:    IC卡检测成功
【2004-09-17,22:01:53】:    选择IC卡座成功
【2004-09-17,22:06:19】:    IC卡使用串口Com4
【2004-09-17,22:06:19】:    
【2004-09-17,22:06:19】:    IC卡检测成功
【2004-09-17,22:06:19】:    选择IC卡座成功
【2004-09-17,23:22:36】:    IC卡使用串口Com4
【2004-09-17,23:22:37】:    
【2004-09-17,23:22:37】:    IC卡检测成功
【2004-09-17,23:22:37】:    选择IC卡座成功
【2004-09-17,23:29:58】:    IC卡使用串口Com4
【2004-09-17,23:29:59】:    
【2004-09-17,23:29:59】:    IC卡检测成功
【2004-09-17,23:29:59】:    选择IC卡座成功
【2004-09-17,23:31:11】:    IC卡使用串口Com4
【2004-09-17,23:31:12】:    
【2004-09-17,23:31:12】:    IC卡检测成功
【2004-09-17,23:31:12】:    选择IC卡座成功
【2004-09-17,23:37:44】:    IC卡使用串口Com4
【2004-09-17,23:37:44】:    
【2004-09-17,23:37:45】:    IC卡检测成功
【2004-09-17,23:37:45】:    选择IC卡座成功
