【2005-03-31,15:06:06】:    获得卡种4个
【2005-03-31,15:06:06】:    
【2005-03-31,15:06:06】:    
【2005-03-31,15:06:06】:    检测读卡器成功
【2005-03-31,15:09:08】:    获得卡种4个
【2005-03-31,15:09:09】:    
【2005-03-31,15:09:09】:    
【2005-03-31,15:09:09】:    检测读卡器成功
【2005-03-31,15:11:10】:    获得卡种4个
【2005-03-31,15:11:10】:    
【2005-03-31,15:11:10】:    
【2005-03-31,15:11:10】:    检测读卡器成功
【2005-03-31,15:20:28】:    获得卡种4个
【2005-03-31,15:20:29】:    
【2005-03-31,15:20:29】:    
【2005-03-31,15:20:29】:    检测读卡器成功
【2005-03-31,15:21:44】:    获得卡种4个
【2005-03-31,15:21:44】:    
【2005-03-31,15:21:44】:    
【2005-03-31,15:21:44】:    检测读卡器成功
【2005-03-31,15:25:08】:    获得卡种4个
【2005-03-31,15:25:09】:    
【2005-03-31,15:25:09】:    
【2005-03-31,15:25:09】:    检测读卡器成功
【2005-03-31,15:25:13】:    
【2005-03-31,15:25:27】:    未知错误类型,错误码:-5
【2005-03-31,15:25:27】:    
【2005-03-31,15:25:30】:    
【2005-03-31,15:25:32】:    
【2005-03-31,15:25:32】:    
【2005-03-31,15:25:32】:    4392250008586835=071110116781861?
【2005-03-31,15:25:32】:    ~
【2005-03-31,15:25:44】:    
【2005-03-31,15:25:46】:    
【2005-03-31,15:25:46】:    
【2005-03-31,15:25:46】:    6225885910746692=00001012489024554248
【2005-03-31,15:25:46】:    996225885910746692=1561560500050000000015554248214000000000=5910746692=000000000=00000000591000000000000
【2005-03-31,15:26:31】:    
【2005-03-31,15:26:32】:    
【2005-03-31,15:26:32】:    
【2005-03-31,15:26:32】:    4392250008586835=071110116781861?
【2005-03-31,15:26:32】:    ~
【2005-03-31,15:28:14】:    获得卡种4个
【2005-03-31,15:28:14】:    
【2005-03-31,15:28:14】:    
【2005-03-31,15:28:14】:    检测读卡器成功
【2005-03-31,15:28:20】:    
【2005-03-31,15:28:22】:    
【2005-03-31,15:28:22】:    
【2005-03-31,15:28:22】:    4392250008586835=07111011678440
【2005-03-31,15:28:22】:    
【2005-03-31,15:28:31】:    
【2005-03-31,15:28:32】:    
【2005-03-31,15:28:32】:    
【2005-03-31,15:28:32】:    6225885910746692=00001012489024554248
【2005-03-31,15:28:32】:    996225885910746692=1561560500050000000015554248214000000000=5910746692=000000000=00000000591000000000000
【2005-03-31,15:29:46】:    获得卡种4个
【2005-03-31,15:29:46】:    
【2005-03-31,15:29:46】:    
【2005-03-31,15:29:46】:    检测读卡器成功
【2005-03-31,15:29:50】:    
【2005-03-31,15:29:51】:    
【2005-03-31,15:29:52】:    
【2005-03-31,15:29:52】:    4392250008586835=071110116781861?
【2005-03-31,15:29:52】:    ~
【2005-03-31,15:29:58】:    
【2005-03-31,15:29:59】:    
【2005-03-31,15:29:59】:    
【2005-03-31,15:29:59】:    6225885910746692=00001012489024554248
【2005-03-31,15:29:59】:    996225885910746692=1561560500050000000015554248214000000000=5910746692=000000000=00000000591000000000000
【2005-03-31,15:31:51】:    获得卡种5个
【2005-03-31,15:31:51】:    
【2005-03-31,15:31:51】:    
【2005-03-31,15:31:51】:    检测读卡器成功
【2005-03-31,15:31:55】:    
【2005-03-31,15:31:56】:    
【2005-03-31,15:31:56】:    
【2005-03-31,15:31:56】:    6225885910746692=00001012489024554248
【2005-03-31,15:31:56】:    996225885910746692=1561560500050000000015554248214000000000=5910746692=000000000=00000000591000000000000
【2005-03-31,15:32:03】:    
【2005-03-31,15:32:03】:    
【2005-03-31,15:32:03】:    
【2005-03-31,15:32:03】:    4392250008586835=071110116781861?=
【2005-03-31,15:32:03】:    ~
【2005-03-31,15:32:44】:    获得卡种5个
【2005-03-31,15:32:44】:    
【2005-03-31,15:32:44】:    
【2005-03-31,15:32:44】:    检测读卡器成功
【2005-03-31,15:32:51】:    
【2005-03-31,15:32:52】:    
【2005-03-31,15:32:52】:    
【2005-03-31,15:32:52】:    9558801402104363582=03122013269991000
【2005-03-31,15:32:52】:    999558801402104363582=156000000000000000000332699921600000312000000000000000000000=000000000000=00000000
【2005-03-31,15:32:57】:    
【2005-03-31,15:32:58】:    
【2005-03-31,15:32:58】:    
【2005-03-31,15:32:58】:    6225885910746692=00001012489024554248
【2005-03-31,15:32:58】:    996225885910746692=1561560500050000000015554248214000000000=5910746692=000000000=00000000591000000000000
【2005-03-31,15:33:17】:    
【2005-03-31,15:33:18】:    
【2005-03-31,15:33:18】:    
【2005-03-31,15:33:18】:    4392250008586835=071110116781861?
【2005-03-31,15:33:18】:    ~
【2005-03-31,15:33:23】:    
【2005-03-31,15:33:23】:    
【2005-03-31,15:33:23】:    
【2005-03-31,15:33:23】:    4392250008586835=071110116781861?
【2005-03-31,15:33:23】:    ~
【2005-03-31,15:33:28】:    
【2005-03-31,15:33:28】:    
【2005-03-31,15:33:28】:    
【2005-03-31,15:33:28】:    4392250008586835=071110116781861?
【2005-03-31,15:33:28】:    ~
【2005-03-31,15:33:38】:    
【2005-03-31,15:33:39】:    
【2005-03-31,15:33:39】:    
【2005-03-31,15:33:39】:    6225885910746692=00001012489024554248
【2005-03-31,15:33:39】:    996225885910746692=1561560500050000000015554248214000000000=5910746692=000000000=00000000591000000000000
【2005-03-31,15:33:43】:    
【2005-03-31,15:33:45】:    未知错误类型,错误码:-5
【2005-03-31,15:33:45】:    
【2005-03-31,15:33:48】:    
【2005-03-31,15:33:51】:    未知错误类型,错误码:-5
【2005-03-31,15:33:51】:    
【2005-03-31,15:34:02】:    
【2005-03-31,15:34:41】:    未知错误类型,错误码:-5
【2005-03-31,15:34:41】:    
【2005-03-31,15:34:44】:    
【2005-03-31,15:35:44】:    超时
【2005-03-31,15:35:44】:    
【2005-03-31,15:36:16】:    
【2005-03-31,15:37:16】:    超时
【2005-03-31,15:37:16】:    
【2005-03-31,15:37:44】:    
【2005-03-31,15:37:48】:    
【2005-03-31,15:37:48】:    
【2005-03-31,15:37:48】:    9558801402104363582=03122013269991000
【2005-03-31,15:37:48】:    999558801402104363582=156000000000000000000332699921600000312000000000000000000000=000000000000=00000000
【2005-03-31,15:38:02】:    
【2005-03-31,15:38:04】:    
【2005-03-31,15:38:04】:    
【2005-03-31,15:38:04】:    4392250008586835=071110116781861?
【2005-03-31,15:38:04】:    ~
【2005-03-31,15:39:37】:    获得卡种5个
【2005-03-31,15:39:37】:    
【2005-03-31,15:39:37】:    
【2005-03-31,15:39:37】:    检测读卡器成功
【2005-03-31,15:40:05】:    获得卡种5个
【2005-03-31,15:40:06】:    
【2005-03-31,15:40:06】:    
【2005-03-31,15:40:06】:    检测读卡器成功
