【2005-03-28,16:23:15】:    
【2005-03-28,16:23:15】:    
【2005-03-28,16:23:15】:    检测读卡器成功
【2005-03-28,16:23:22】:    射频卡使用串口COM2
【2005-03-28,16:23:22】:    打开串口成功
【2005-03-28,16:23:22】:    射频卡获取状态成功
【2005-03-28,16:23:22】:    未知错误类型,错误码:-4012
【2005-03-28,16:23:22】:    射频卡寻卡失败
【2005-03-28,16:23:22】:    射频卡获取状态成功
【2005-03-28,16:23:22】:    未知错误类型,错误码:-4012
【2005-03-28,16:23:22】:    射频卡寻卡失败
【2005-03-28,16:23:22】:    射频卡获取状态成功
【2005-03-28,16:23:22】:    未知错误类型,错误码:-4012
【2005-03-28,16:23:22】:    射频卡寻卡失败
【2005-03-28,16:23:22】:    射频卡获取状态成功
【2005-03-28,16:23:22】:    未知错误类型,错误码:-4012
【2005-03-28,16:23:22】:    射频卡寻卡失败
【2005-03-28,16:23:22】:    射频卡获取状态成功
【2005-03-28,16:23:22】:    未知错误类型,错误码:-4012
【2005-03-28,16:23:22】:    射频卡寻卡失败
【2005-03-28,16:23:22】:    射频卡获取状态成功
【2005-03-28,16:23:22】:    未知错误类型,错误码:-4012
【2005-03-28,16:23:22】:    射频卡寻卡失败
【2005-03-28,16:23:22】:    射频卡获取状态成功
【2005-03-28,16:23:22】:    未知错误类型,错误码:-4012
【2005-03-28,16:23:22】:    射频卡寻卡失败
【2005-03-28,16:23:22】:    射频卡获取状态成功
【2005-03-28,16:23:22】:    未知错误类型,错误码:-4012
【2005-03-28,16:23:22】:    射频卡寻卡失败
【2005-03-28,16:23:22】:    射频卡获取状态成功
【2005-03-28,16:23:22】:    未知错误类型,错误码:-4012
【2005-03-28,16:23:22】:    射频卡寻卡失败
【2005-03-28,16:23:22】:    射频卡获取状态成功
【2005-03-28,16:23:22】:    未知错误类型,错误码:-4012
【2005-03-28,16:23:22】:    射频卡寻卡失败
【2005-03-28,16:23:22】:    射频卡获取状态成功
【2005-03-28,16:23:22】:    未知错误类型,错误码:-4012
【2005-03-28,16:23:22】:    射频卡寻卡失败
【2005-03-28,16:23:22】:    射频卡获取状态成功
【2005-03-28,16:23:22】:    未知错误类型,错误码:-4012
【2005-03-28,16:23:22】:    射频卡寻卡失败
【2005-03-28,16:23:22】:    射频卡获取状态成功
【2005-03-28,16:23:22】:    未知错误类型,错误码:-4012
【2005-03-28,16:23:22】:    射频卡寻卡失败
【2005-03-28,16:23:22】:    射频卡获取状态成功
【2005-03-28,16:23:22】:    未知错误类型,错误码:-4012
【2005-03-28,16:23:22】:    射频卡寻卡失败
【2005-03-28,16:23:22】:    射频卡获取状态成功
【2005-03-28,16:23:22】:    未知错误类型,错误码:-4012
【2005-03-28,16:23:22】:    射频卡寻卡失败
【2005-03-28,16:23:22】:    射频卡获取状态成功
【2005-03-28,16:23:22】:    未知错误类型,错误码:-4012
【2005-03-28,16:23:22】:    射频卡寻卡失败
【2005-03-28,16:23:22】:    射频卡获取状态成功
【2005-03-28,16:23:22】:    未知错误类型,错误码:-4012
【2005-03-28,16:23:22】:    射频卡寻卡失败
【2005-03-28,16:23:22】:    射频卡获取状态成功
【2005-03-28,16:23:22】:    未知错误类型,错误码:-4012
【2005-03-28,16:23:22】:    射频卡寻卡失败
【2005-03-28,16:23:22】:    射频卡获取状态成功
【2005-03-28,16:23:22】:    未知错误类型,错误码:-4012
【2005-03-28,16:23:22】:    射频卡寻卡失败
【2005-03-28,16:23:22】:    射频卡获取状态成功
【2005-03-28,16:23:22】:    未知错误类型,错误码:-4012
【2005-03-28,16:23:22】:    射频卡寻卡失败
【2005-03-28,16:23:22】:    射频卡获取状态成功
【2005-03-28,16:23:22】:    未知错误类型,错误码:-4012
【2005-03-28,16:23:22】:    射频卡寻卡失败
【2005-03-28,16:23:22】:    射频卡获取状态成功
【2005-03-28,16:23:22】:    未知错误类型,错误码:-4012
【2005-03-28,16:23:22】:    射频卡寻卡失败
【2005-03-28,16:23:23】:    射频卡获取状态成功
【2005-03-28,16:23:23】:    未知错误类型,错误码:-4012
【2005-03-28,16:23:23】:    射频卡寻卡失败
【2005-03-28,16:23:23】:    射频卡获取状态成功
【2005-03-28,16:23:23】:    未知错误类型,错误码:-4012
【2005-03-28,16:23:23】:    射频卡寻卡失败
【2005-03-28,16:23:23】:    射频卡获取状态成功
【2005-03-28,16:23:23】:    未知错误类型,错误码:-4012
【2005-03-28,16:23:23】:    射频卡寻卡失败
【2005-03-28,16:23:23】:    射频卡获取状态成功
【2005-03-28,16:23:23】:    未知错误类型,错误码:-4012
【2005-03-28,16:23:23】:    射频卡寻卡失败
【2005-03-28,16:23:23】:    射频卡获取状态成功
【2005-03-28,16:23:23】:    未知错误类型,错误码:-4012
【2005-03-28,16:23:23】:    射频卡寻卡失败
【2005-03-28,16:23:27】:    
【2005-03-28,16:23:30】:    
【2005-03-28,16:23:30】:    
【2005-03-28,16:23:30】:    9558801402104363582=03122013269991000
【2005-03-28,16:23:30】:    999558801402104363582=156000000000000000000332699921600000312000000000000000000000=000000000000=0000
【2005-03-28,16:23:36】:    
【2005-03-28,16:29:20】:    
【2005-03-28,16:29:20】:    
【2005-03-28,16:29:20】:    检测读卡器成功
【2005-03-28,16:29:26】:    
【2005-03-28,16:33:45】:    
【2005-03-28,16:33:45】:    
【2005-03-28,16:33:45】:    检测读卡器成功
【2005-03-28,16:33:51】:    射频卡使用串口COM2
【2005-03-28,16:33:51】:    打开串口成功
【2005-03-28,16:33:51】:    射频卡获取状态成功
【2005-03-28,16:33:51】:    未知错误类型,错误码:-4012
【2005-03-28,16:33:51】:    射频卡寻卡失败
【2005-03-28,16:33:51】:    射频卡获取状态成功
【2005-03-28,16:33:51】:    未知错误类型,错误码:-4012
【2005-03-28,16:33:51】:    射频卡寻卡失败
【2005-03-28,16:33:51】:    射频卡获取状态成功
【2005-03-28,16:33:51】:    未知错误类型,错误码:-4012
【2005-03-28,16:33:51】:    射频卡寻卡失败
【2005-03-28,16:33:51】:    射频卡获取状态成功
【2005-03-28,16:33:51】:    未知错误类型,错误码:-4012
【2005-03-28,16:33:51】:    射频卡寻卡失败
【2005-03-28,16:33:51】:    射频卡获取状态成功
【2005-03-28,16:33:51】:    未知错误类型,错误码:-4012
【2005-03-28,16:33:51】:    射频卡寻卡失败
【2005-03-28,16:33:51】:    射频卡获取状态成功
【2005-03-28,16:33:51】:    未知错误类型,错误码:-4012
【2005-03-28,16:33:51】:    射频卡寻卡失败
【2005-03-28,16:33:51】:    射频卡获取状态成功
【2005-03-28,16:33:51】:    未知错误类型,错误码:-4012
【2005-03-28,16:33:51】:    射频卡寻卡失败
【2005-03-28,16:33:51】:    射频卡获取状态成功
【2005-03-28,16:33:51】:    未知错误类型,错误码:-4012
【2005-03-28,16:33:51】:    射频卡寻卡失败
【2005-03-28,16:33:51】:    射频卡获取状态成功
【2005-03-28,16:33:51】:    未知错误类型,错误码:-4012
【2005-03-28,16:33:51】:    射频卡寻卡失败
【2005-03-28,16:33:51】:    射频卡获取状态成功
【2005-03-28,16:33:51】:    未知错误类型,错误码:-4012
【2005-03-28,16:33:51】:    射频卡寻卡失败
【2005-03-28,16:34:00】:    
【2005-03-28,16:38:12】:    
【2005-03-28,16:38:12】:    
【2005-03-28,16:38:12】:    检测读卡器成功
【2005-03-28,16:38:16】:    射频卡使用串口COM2
【2005-03-28,16:38:16】:    打开串口成功
【2005-03-28,16:38:16】:    射频卡获取状态成功
【2005-03-28,16:38:16】:    未知错误类型,错误码:-4012
【2005-03-28,16:38:16】:    射频卡寻卡失败
【2005-03-28,16:38:16】:    射频卡获取状态成功
【2005-03-28,16:38:16】:    未知错误类型,错误码:-4012
【2005-03-28,16:38:16】:    射频卡寻卡失败
【2005-03-28,16:38:16】:    射频卡获取状态成功
【2005-03-28,16:38:16】:    未知错误类型,错误码:-4012
【2005-03-28,16:38:16】:    射频卡寻卡失败
【2005-03-28,16:38:17】:    射频卡获取状态成功
【2005-03-28,16:38:17】:    未知错误类型,错误码:-4012
【2005-03-28,16:38:17】:    射频卡寻卡失败
【2005-03-28,16:38:17】:    射频卡获取状态成功
【2005-03-28,16:38:17】:    未知错误类型,错误码:-4012
【2005-03-28,16:38:17】:    射频卡寻卡失败
【2005-03-28,16:38:17】:    射频卡获取状态成功
【2005-03-28,16:38:17】:    未知错误类型,错误码:-4012
【2005-03-28,16:38:17】:    射频卡寻卡失败
【2005-03-28,16:38:17】:    射频卡获取状态成功
【2005-03-28,16:38:17】:    未知错误类型,错误码:-4012
【2005-03-28,16:38:17】:    射频卡寻卡失败
【2005-03-28,16:38:17】:    射频卡获取状态成功
【2005-03-28,16:38:17】:    未知错误类型,错误码:-4012
【2005-03-28,16:38:17】:    射频卡寻卡失败
【2005-03-28,16:38:17】:    射频卡获取状态成功
【2005-03-28,16:38:17】:    未知错误类型,错误码:-4012
【2005-03-28,16:38:17】:    射频卡寻卡失败
【2005-03-28,16:38:17】:    射频卡获取状态成功
【2005-03-28,16:38:17】:    未知错误类型,错误码:-4012
【2005-03-28,16:38:17】:    射频卡寻卡失败
【2005-03-28,16:38:17】:    射频卡获取状态成功
【2005-03-28,16:38:17】:    未知错误类型,错误码:-4012
【2005-03-28,16:38:17】:    射频卡寻卡失败
【2005-03-28,16:38:17】:    射频卡获取状态成功
【2005-03-28,16:38:17】:    未知错误类型,错误码:-4012
【2005-03-28,16:38:17】:    射频卡寻卡失败
【2005-03-28,16:38:17】:    射频卡获取状态成功
【2005-03-28,16:38:17】:    未知错误类型,错误码:-4012
【2005-03-28,16:38:17】:    射频卡寻卡失败
【2005-03-28,16:38:17】:    射频卡获取状态成功
【2005-03-28,16:38:17】:    未知错误类型,错误码:-4012
【2005-03-28,16:38:17】:    射频卡寻卡失败
【2005-03-28,16:38:17】:    射频卡获取状态成功
【2005-03-28,16:38:17】:    未知错误类型,错误码:-4012
【2005-03-28,16:38:17】:    射频卡寻卡失败
【2005-03-28,16:38:17】:    射频卡获取状态成功
【2005-03-28,16:38:17】:    未知错误类型,错误码:-4012
【2005-03-28,16:38:17】:    射频卡寻卡失败
【2005-03-28,16:38:17】:    射频卡获取状态成功
【2005-03-28,16:38:17】:    未知错误类型,错误码:-4012
【2005-03-28,16:38:17】:    射频卡寻卡失败
【2005-03-28,16:38:17】:    射频卡获取状态成功
【2005-03-28,16:38:17】:    未知错误类型,错误码:-4012
【2005-03-28,16:38:17】:    射频卡寻卡失败
【2005-03-28,16:38:17】:    射频卡获取状态成功
【2005-03-28,16:38:17】:    未知错误类型,错误码:-4012
【2005-03-28,16:38:17】:    射频卡寻卡失败
【2005-03-28,16:38:17】:    射频卡获取状态成功
【2005-03-28,16:38:17】:    未知错误类型,错误码:-4012
【2005-03-28,16:38:17】:    射频卡寻卡失败
【2005-03-28,16:38:17】:    射频卡获取状态成功
【2005-03-28,16:38:17】:    未知错误类型,错误码:-4012
【2005-03-28,16:38:17】:    射频卡寻卡失败
【2005-03-28,16:38:17】:    射频卡获取状态成功
【2005-03-28,16:38:17】:    未知错误类型,错误码:-4012
【2005-03-28,16:38:17】:    射频卡寻卡失败
【2005-03-28,16:38:17】:    射频卡获取状态成功
【2005-03-28,16:38:17】:    未知错误类型,错误码:-4012
【2005-03-28,16:38:17】:    射频卡寻卡失败
【2005-03-28,16:38:17】:    射频卡获取状态成功
【2005-03-28,16:38:17】:    未知错误类型,错误码:-4012
【2005-03-28,16:38:17】:    射频卡寻卡失败
【2005-03-28,16:38:17】:    射频卡获取状态成功
【2005-03-28,16:38:17】:    未知错误类型,错误码:-4012
【2005-03-28,16:38:17】:    射频卡寻卡失败
【2005-03-28,16:38:23】:    
【2005-03-28,16:41:28】:    
【2005-03-28,16:41:28】:    
【2005-03-28,16:41:28】:    检测读卡器成功
【2005-03-28,16:41:31】:    
【2005-03-28,16:44:06】:    
【2005-03-28,16:44:06】:    
【2005-03-28,16:44:06】:    检测读卡器成功
【2005-03-28,16:44:10】:    
【2005-03-28,16:44:11】:    未知错误类型,错误码:-5
【2005-03-28,16:44:11】:    
【2005-03-28,16:44:16】:    
【2005-03-28,16:44:22】:    
【2005-03-28,16:44:22】:    
【2005-03-28,16:44:22】:    9558801402104363582=03122013269991000
【2005-03-28,16:44:22】:    999558801402104363582=156000000000000000000332699921600000312000000000000000000000=00000000000
【2005-03-28,16:44:28】:    
【2005-03-28,16:44:29】:    未知错误类型,错误码:-5
【2005-03-28,16:44:29】:    
