【2005-03-25,13:40:44】:    
【2005-03-25,13:40:44】:    
【2005-03-25,13:40:44】:    检测读卡器成功
【2005-03-25,13:40:49】:    射频卡使用串口COM2
【2005-03-25,13:40:49】:    打开串口成功
【2005-03-25,13:40:49】:    射频卡获取状态成功
【2005-03-25,13:40:49】:    射频卡寻卡成功
【2005-03-25,13:40:49】:    射频卡防冲突机制成功
【2005-03-25,13:40:49】:    射频卡中止成功
【2005-03-25,13:53:10】:    
【2005-03-25,13:53:10】:    
【2005-03-25,13:53:10】:    检测读卡器成功
【2005-03-25,13:53:27】:    射频卡使用串口COM2
【2005-03-25,13:53:28】:    打开串口成功
【2005-03-25,13:53:28】:    射频卡获取状态成功
【2005-03-25,13:53:28】:    射频卡寻卡成功
【2005-03-25,13:53:28】:    射频卡防冲突机制成功
【2005-03-25,13:53:28】:    射频卡中止成功
【2005-03-25,13:58:15】:    
【2005-03-25,13:58:15】:    
【2005-03-25,13:58:15】:    检测读卡器成功
【2005-03-25,13:58:19】:    射频卡使用串口COM2
【2005-03-25,13:58:20】:    打开串口成功
【2005-03-25,13:58:20】:    射频卡获取状态成功
【2005-03-25,13:58:20】:    射频卡寻卡成功
【2005-03-25,13:58:20】:    射频卡防冲突机制成功
【2005-03-25,13:58:20】:    射频卡中止成功
【2005-03-25,14:11:01】:    
【2005-03-25,14:11:01】:    
【2005-03-25,14:11:01】:    检测读卡器成功
【2005-03-25,14:11:07】:    射频卡使用串口COM2
【2005-03-25,14:11:07】:    打开串口成功
【2005-03-25,14:11:07】:    射频卡获取状态成功
【2005-03-25,14:11:07】:    射频卡寻卡成功
【2005-03-25,14:11:07】:    射频卡防冲突机制成功
【2005-03-25,14:11:07】:    射频卡中止成功
【2005-03-25,14:22:48】:    
【2005-03-25,14:22:48】:    
【2005-03-25,14:22:48】:    检测读卡器成功
【2005-03-25,14:22:53】:    射频卡使用串口COM2
【2005-03-25,14:22:54】:    打开串口成功
【2005-03-25,14:22:54】:    射频卡获取状态成功
【2005-03-25,14:22:54】:    射频卡寻卡成功
【2005-03-25,14:22:54】:    射频卡防冲突机制成功
【2005-03-25,14:22:54】:    射频卡中止成功
【2005-03-25,14:23:22】:    
【2005-03-25,14:23:22】:    
【2005-03-25,14:23:22】:    检测读卡器成功
【2005-03-25,14:23:26】:    射频卡使用串口COM2
【2005-03-25,14:23:26】:    打开串口成功
【2005-03-25,14:23:26】:    射频卡获取状态成功
【2005-03-25,14:23:26】:    射频卡寻卡成功
【2005-03-25,14:23:26】:    射频卡防冲突机制成功
【2005-03-25,14:23:26】:    射频卡中止成功
【2005-03-25,14:25:52】:    
【2005-03-25,14:25:52】:    
【2005-03-25,14:25:52】:    检测读卡器成功
【2005-03-25,14:25:56】:    射频卡使用串口COM2
【2005-03-25,14:25:57】:    打开串口成功
【2005-03-25,14:25:57】:    射频卡获取状态成功
【2005-03-25,14:25:57】:    射频卡寻卡成功
【2005-03-25,14:25:57】:    射频卡防冲突机制成功
【2005-03-25,14:25:57】:    射频卡中止成功
【2005-03-25,14:32:19】:    
【2005-03-25,14:32:19】:    
【2005-03-25,14:32:19】:    检测读卡器成功
【2005-03-25,14:32:27】:    射频卡使用串口COM2
【2005-03-25,14:32:27】:    打开串口成功
【2005-03-25,14:32:27】:    射频卡获取状态成功
【2005-03-25,14:32:27】:    射频卡寻卡成功
【2005-03-25,14:32:27】:    射频卡防冲突机制成功
【2005-03-25,14:32:27】:    射频卡中止成功
【2005-03-25,14:53:58】:    
【2005-03-25,14:53:58】:    
【2005-03-25,14:53:58】:    检测读卡器成功
【2005-03-25,14:54:03】:    射频卡使用串口COM2
【2005-03-25,14:54:03】:    打开串口成功
【2005-03-25,14:54:03】:    射频卡获取状态成功
【2005-03-25,14:54:03】:    射频卡寻卡成功
【2005-03-25,14:54:03】:    射频卡防冲突机制成功
【2005-03-25,14:54:03】:    射频卡中止成功
【2005-03-25,15:28:16】:    
【2005-03-25,15:28:16】:    
【2005-03-25,15:28:16】:    检测读卡器成功
【2005-03-25,15:28:33】:    
【2005-03-25,15:28:33】:    
【2005-03-25,15:28:33】:    检测读卡器成功
【2005-03-25,15:28:41】:    射频卡使用串口COM2
【2005-03-25,15:28:41】:    打开串口成功
【2005-03-25,15:28:41】:    射频卡获取状态成功
【2005-03-25,15:28:41】:    射频卡寻卡成功
【2005-03-25,15:28:41】:    射频卡防冲突机制成功
【2005-03-25,15:28:41】:    射频卡中止成功
【2005-03-25,15:35:45】:    
【2005-03-25,15:35:45】:    
【2005-03-25,15:35:45】:    检测读卡器成功
【2005-03-25,15:35:51】:    射频卡使用串口COM2
【2005-03-25,15:35:51】:    打开串口成功
【2005-03-25,15:35:51】:    射频卡获取状态成功
【2005-03-25,15:35:51】:    射频卡获取序列号成功
【2005-03-25,15:35:51】:    射频卡寻卡成功
【2005-03-25,15:35:51】:    射频卡防冲突机制成功
【2005-03-25,15:35:51】:    射频卡中止成功
【2005-03-25,15:37:21】:    
【2005-03-25,15:37:21】:    
【2005-03-25,15:37:21】:    检测读卡器成功
【2005-03-25,15:37:27】:    射频卡使用串口COM2
【2005-03-25,15:37:28】:    打开串口成功
【2005-03-25,15:37:28】:    射频卡获取状态成功
【2005-03-25,15:37:28】:    射频卡获取序列号成功
【2005-03-25,15:37:29】:    射频卡寻卡成功
【2005-03-25,15:37:29】:    射频卡防冲突机制成功
【2005-03-25,15:37:29】:    射频卡中止成功
【2005-03-25,15:44:04】:    
【2005-03-25,15:44:04】:    
【2005-03-25,15:44:04】:    检测读卡器成功
【2005-03-25,15:44:12】:    射频卡使用串口COM2
【2005-03-25,15:44:12】:    打开串口成功
【2005-03-25,15:44:12】:    射频卡获取状态成功
【2005-03-25,15:44:12】:    射频卡获取序列号成功
【2005-03-25,15:44:18】:    射频卡寻卡成功
【2005-03-25,15:44:18】:    射频卡防冲突机制成功
【2005-03-25,15:44:18】:    射频卡中止成功
【2005-03-25,15:44:19】:    失败
【2005-03-25,15:54:20】:    
【2005-03-25,15:54:20】:    
【2005-03-25,15:54:20】:    检测读卡器成功
【2005-03-25,15:54:28】:    射频卡使用串口COM2
【2005-03-25,15:54:28】:    打开串口成功
【2005-03-25,15:54:28】:    射频卡获取状态成功
【2005-03-25,15:54:28】:    射频卡获取序列号成功
【2005-03-25,15:54:33】:    射频卡寻卡成功
【2005-03-25,15:54:33】:    射频卡防冲突机制成功
【2005-03-25,15:54:33】:    射频卡中止成功
【2005-03-25,15:56:52】:    失败
【2005-03-25,16:01:02】:    
【2005-03-25,16:01:02】:    
【2005-03-25,16:01:02】:    检测读卡器成功
【2005-03-25,16:01:16】:    射频卡使用串口COM2
【2005-03-25,16:01:16】:    打开串口成功
【2005-03-25,16:01:16】:    射频卡获取状态成功
【2005-03-25,16:01:16】:    射频卡获取序列号成功
【2005-03-25,16:01:19】:    射频卡寻卡成功
【2005-03-25,16:01:19】:    射频卡防冲突机制成功
【2005-03-25,16:01:19】:    射频卡中止成功
【2005-03-25,16:04:38】:    失败
【2005-03-25,16:12:47】:    
【2005-03-25,16:12:47】:    
【2005-03-25,16:12:47】:    检测读卡器成功
【2005-03-25,16:13:02】:    射频卡使用串口COM2
【2005-03-25,16:13:02】:    打开串口成功
【2005-03-25,16:13:02】:    射频卡获取状态成功
【2005-03-25,16:13:02】:    射频卡获取序列号成功
【2005-03-25,16:13:04】:    射频卡寻卡成功
【2005-03-25,16:13:04】:    射频卡防冲突机制成功
【2005-03-25,16:13:04】:    射频卡中止成功
【2005-03-25,16:13:23】:    失败
【2005-03-25,16:15:39】:    
【2005-03-25,16:15:39】:    
【2005-03-25,16:15:39】:    检测读卡器成功
【2005-03-25,16:15:46】:    射频卡使用串口COM2
【2005-03-25,16:15:46】:    打开串口成功
【2005-03-25,16:15:46】:    射频卡获取状态成功
【2005-03-25,16:15:46】:    射频卡寻卡成功
【2005-03-25,16:15:46】:    射频卡防冲突机制成功
【2005-03-25,16:15:46】:    射频卡中止成功
【2005-03-25,16:16:35】:    失败
【2005-03-25,16:23:37】:    
【2005-03-25,16:23:37】:    
【2005-03-25,16:23:37】:    检测读卡器成功
【2005-03-25,16:23:50】:    射频卡使用串口COM2
【2005-03-25,16:23:50】:    打开串口成功
【2005-03-25,16:23:50】:    射频卡获取状态成功
【2005-03-25,16:23:50】:    射频卡寻卡成功
【2005-03-25,16:23:50】:    射频卡防冲突机制成功
【2005-03-25,16:23:50】:    射频卡中止成功
【2005-03-25,16:24:00】:    失败
【2005-03-25,16:26:13】:    
【2005-03-25,16:26:13】:    
【2005-03-25,16:26:13】:    检测读卡器成功
【2005-03-25,16:26:21】:    射频卡使用串口COM2
【2005-03-25,16:26:22】:    打开串口成功
【2005-03-25,16:26:22】:    射频卡获取状态成功
【2005-03-25,16:26:22】:    射频卡寻卡成功
【2005-03-25,16:26:22】:    射频卡防冲突机制成功
【2005-03-25,16:26:22】:    射频卡中止成功
【2005-03-25,16:26:28】:    失败
【2005-03-25,16:32:10】:    
【2005-03-25,16:32:10】:    
【2005-03-25,16:32:10】:    检测读卡器成功
【2005-03-25,16:32:23】:    射频卡使用串口COM2
【2005-03-25,16:32:23】:    打开串口成功
【2005-03-25,16:32:23】:    射频卡获取状态成功
【2005-03-25,16:32:23】:    射频卡寻卡成功
【2005-03-25,16:32:23】:    射频卡防冲突机制成功
【2005-03-25,16:32:23】:    射频卡中止成功
【2005-03-25,16:32:38】:    失败
【2005-03-25,16:36:35】:    
【2005-03-25,16:36:35】:    
【2005-03-25,16:36:35】:    检测读卡器成功
【2005-03-25,16:36:52】:    
【2005-03-25,16:36:52】:    
【2005-03-25,16:36:52】:    检测读卡器成功
【2005-03-25,16:37:01】:    射频卡使用串口COM2
【2005-03-25,16:37:01】:    打开串口成功
【2005-03-25,16:37:01】:    射频卡获取状态成功
【2005-03-25,16:37:01】:    射频卡寻卡成功
【2005-03-25,16:37:01】:    射频卡防冲突机制成功
【2005-03-25,16:37:01】:    射频卡中止成功
【2005-03-25,16:37:17】:    失败
【2005-03-25,16:40:11】:    
【2005-03-25,16:40:11】:    
【2005-03-25,16:40:11】:    检测读卡器成功
【2005-03-25,16:40:25】:    射频卡使用串口COM2
【2005-03-25,16:40:25】:    打开串口成功
【2005-03-25,16:40:25】:    射频卡获取状态成功
【2005-03-25,16:40:25】:    射频卡寻卡成功
【2005-03-25,16:40:25】:    射频卡防冲突机制成功
【2005-03-25,16:40:25】:    射频卡中止成功
【2005-03-25,16:40:33】:    失败
【2005-03-25,16:46:58】:    
【2005-03-25,16:46:58】:    
【2005-03-25,16:46:58】:    检测读卡器成功
【2005-03-25,16:47:08】:    射频卡使用串口COM2
【2005-03-25,16:47:08】:    打开串口成功
【2005-03-25,16:47:08】:    射频卡获取状态成功
【2005-03-25,16:47:08】:    射频卡寻卡成功
【2005-03-25,16:47:08】:    射频卡防冲突机制成功
【2005-03-25,16:47:08】:    射频卡中止成功
【2005-03-25,16:47:26】:    失败
【2005-03-25,16:48:24】:    射频卡使用串口COM2
【2005-03-25,16:48:24】:    打开串口成功
【2005-03-25,16:48:24】:    射频卡获取状态成功
【2005-03-25,16:48:24】:    射频卡寻卡成功
【2005-03-25,16:48:24】:    射频卡防冲突机制成功
【2005-03-25,16:48:24】:    射频卡中止成功
【2005-03-25,16:49:10】:    失败
【2005-03-25,16:54:47】:    
【2005-03-25,16:54:47】:    
【2005-03-25,16:54:47】:    检测读卡器成功
【2005-03-25,16:55:00】:    射频卡使用串口COM2
【2005-03-25,16:55:00】:    打开串口成功
【2005-03-25,16:55:00】:    射频卡获取状态成功
【2005-03-25,16:55:00】:    射频卡寻卡成功
【2005-03-25,16:55:00】:    射频卡防冲突机制成功
【2005-03-25,16:55:00】:    射频卡中止成功
【2005-03-25,16:55:04】:    
【2005-03-25,16:56:27】:    
【2005-03-25,16:56:27】:    
【2005-03-25,16:56:27】:    检测读卡器成功
【2005-03-25,16:56:34】:    射频卡使用串口COM2
【2005-03-25,16:56:34】:    打开串口成功
【2005-03-25,16:56:34】:    射频卡获取状态成功
【2005-03-25,16:56:34】:    射频卡寻卡成功
【2005-03-25,16:56:34】:    射频卡防冲突机制成功
【2005-03-25,16:56:34】:    射频卡中止成功
【2005-03-25,16:56:41】:    
【2005-03-25,17:01:04】:    
【2005-03-25,17:01:05】:    
【2005-03-25,17:01:05】:    检测读卡器成功
【2005-03-25,17:01:16】:    射频卡使用串口COM2
【2005-03-25,17:01:16】:    打开串口成功
【2005-03-25,17:01:16】:    射频卡获取状态成功
【2005-03-25,17:01:16】:    射频卡寻卡成功
【2005-03-25,17:01:16】:    射频卡防冲突机制成功
【2005-03-25,17:01:16】:    射频卡中止成功
【2005-03-25,17:01:20】:    
【2005-03-25,17:10:03】:    
【2005-03-25,17:10:06】:    
【2005-03-25,17:10:06】:    检测读卡器成功
【2005-03-25,17:10:26】:    射频卡使用串口COM2
【2005-03-25,17:10:27】:    打开串口成功
【2005-03-25,17:10:27】:    射频卡获取状态成功
【2005-03-25,17:10:27】:    射频卡寻卡成功
【2005-03-25,17:10:27】:    射频卡防冲突机制成功
【2005-03-25,17:10:27】:    射频卡中止成功
【2005-03-25,17:10:45】:    
【2005-03-25,17:15:41】:    
【2005-03-25,17:15:44】:    
【2005-03-25,17:15:44】:    检测读卡器成功
【2005-03-25,17:15:53】:    射频卡使用串口COM2
【2005-03-25,17:15:54】:    打开串口成功
【2005-03-25,17:15:54】:    射频卡获取状态成功
【2005-03-25,17:15:54】:    射频卡寻卡成功
【2005-03-25,17:15:54】:    射频卡防冲突机制成功
【2005-03-25,17:15:54】:    射频卡中止成功
【2005-03-25,17:16:17】:    
【2005-03-25,17:21:35】:    
【2005-03-25,17:21:36】:    
【2005-03-25,17:21:36】:    检测读卡器成功
【2005-03-25,17:21:42】:    射频卡使用串口COM2
【2005-03-25,17:21:43】:    打开串口成功
【2005-03-25,17:21:43】:    射频卡获取状态成功
【2005-03-25,17:21:43】:    射频卡寻卡成功
【2005-03-25,17:21:43】:    射频卡防冲突机制成功
【2005-03-25,17:21:43】:    射频卡中止成功
【2005-03-25,17:26:02】:    
【2005-03-25,17:26:22】:    
【2005-03-25,17:26:23】:    
【2005-03-25,17:26:23】:    检测读卡器成功
【2005-03-25,17:26:31】:    射频卡使用串口COM2
【2005-03-25,17:26:31】:    打开串口成功
【2005-03-25,17:26:31】:    射频卡获取状态成功
【2005-03-25,17:26:31】:    射频卡寻卡成功
【2005-03-25,17:26:31】:    射频卡防冲突机制成功
【2005-03-25,17:26:31】:    射频卡中止成功
【2005-03-25,17:33:30】:    调用参数错
【2005-03-25,17:33:30】:    射频卡读卡失败
【2005-03-25,17:37:25】:    
【2005-03-25,17:37:27】:    
【2005-03-25,17:37:27】:    检测读卡器成功
【2005-03-25,17:37:36】:    射频卡使用串口COM2
【2005-03-25,17:37:36】:    打开串口成功
【2005-03-25,17:37:36】:    射频卡获取状态成功
【2005-03-25,17:37:36】:    射频卡寻卡成功
【2005-03-25,17:37:36】:    射频卡防冲突机制成功
【2005-03-25,17:37:36】:    射频卡中止成功
【2005-03-25,17:37:42】:    调用参数错
【2005-03-25,17:37:43】:    射频卡读卡失败
【2005-03-25,18:35:05】:    
【2005-03-25,18:35:06】:    
【2005-03-25,18:35:06】:    检测读卡器成功
