[1999-10-29,21:45:17]:MsgID:
[1999-10-29,21:45:17]:=================<2>=================
0000 : 08-00                                           || ..
[1999-10-29,21:45:17]:BITMAP:
[1999-10-29,21:45:17]:=================<8>=================
0000 : 22-20-00-00 00-C0-00-00                         || " ......
[1999-10-29,21:45:17]:setField=[3]
[1999-10-29,21:45:17]:=================<6>=================
0000 : 39-39-30-30 30-30                               || 990000
[1999-10-29,21:45:17]:setField=[7]
[1999-10-29,21:45:17]:=================<5>=================
0000 : 4D-17-21-45 17                                  || M.!E.
[1999-10-29,21:45:17]:setField=[11]
[1999-10-29,21:45:17]:=================<6>=================
0000 : 30-30-30-31 35-34                               || 000154
[1999-10-29,21:45:17]:setField=[41]
[1999-10-29,21:45:17]:=================<8>=================
0000 : 33-30-30-30 30-30-30-32                         || 30000002
[1999-10-29,21:45:17]:setField=[42]
[1999-10-29,21:45:17]:================<15>=================
0000 : 30-30-30-30 30-30-30-30 30-30-30-30 30-30-30    || 000000000000000
[1999-10-29,21:45:17]:send buffer[51]:
[1999-10-29,21:45:17]:================<51>=================
0000 : 00-31-60-00 03-00-00-08 00-22-20-00 00-00-C0-00 || .1`......" .....
0016 : 00-99-00-00 4D-17-21-45 17-00-01-54 33-30-30-30 || ....M.!E...T3000
0032 : 30-30-30-32 30-30-30-30 30-30-30-30 30-30-30-30 || 0002000000000000
0048 : 30-30-30                                        || 000
[1999-10-29,21:46:03]:connect error
[1999-10-29,21:46:03]:交易[1]处理不成功[8]!!!
[1999-10-29,21:46:03]:MsgID:
[1999-10-29,21:46:03]:=================<2>=================
0000 : 08-00                                           || ..
[1999-10-29,21:46:03]:BITMAP:
[1999-10-29,21:46:03]:=================<8>=================
0000 : 22-20-00-00 00-C0-00-00                         || " ......
[1999-10-29,21:46:04]:setField=[3]
[1999-10-29,21:46:04]:=================<6>=================
0000 : 39-39-30-30 30-30                               || 990000
[1999-10-29,21:46:04]:setField=[7]
[1999-10-29,21:46:04]:=================<5>=================
0000 : 4D-17-21-46 04                                  || M.!F.
[1999-10-29,21:46:04]:setField=[11]
[1999-10-29,21:46:04]:=================<6>=================
0000 : 30-30-30-31 35-35                               || 000155
[1999-10-29,21:46:04]:setField=[41]
[1999-10-29,21:46:04]:=================<8>=================
0000 : 33-30-30-30 30-30-30-32                         || 30000002
[1999-10-29,21:46:04]:setField=[42]
[1999-10-29,21:46:04]:================<15>=================
0000 : 30-30-30-30 30-30-30-30 30-30-30-30 30-30-30    || 000000000000000
[1999-10-29,21:46:04]:send buffer[51]:
[1999-10-29,21:46:04]:================<51>=================
0000 : 00-31-60-00 03-00-00-08 00-22-20-00 00-00-C0-00 || .1`......" .....
0016 : 00-99-00-00 4D-17-21-46 04-00-01-55 33-30-30-30 || ....M.!F...U3000
0032 : 30-30-30-32 30-30-30-30 30-30-30-30 30-30-30-30 || 0002000000000000
0048 : 30-30-30                                        || 000
[1999-10-29,21:46:49]:connect error
[1999-10-29,21:46:49]:交易[1]处理不成功[8]!!!
[1999-10-29,21:46:49]:MsgID:
[1999-10-29,21:46:49]:=================<2>=================
0000 : 08-00                                           || ..
[1999-10-29,21:46:49]:BITMAP:
[1999-10-29,21:46:49]:=================<8>=================
0000 : 22-20-00-00 00-C0-00-00                         || " ......
[1999-10-29,21:46:49]:setField=[3]
[1999-10-29,21:46:49]:=================<6>=================
0000 : 39-39-30-30 30-30                               || 990000
[1999-10-29,21:46:49]:setField=[7]
[1999-10-29,21:46:49]:=================<5>=================
0000 : 4D-17-21-46 49                                  || M.!FI
[1999-10-29,21:46:49]:setField=[11]
[1999-10-29,21:46:49]:=================<6>=================
0000 : 30-30-30-31 35-36                               || 000156
[1999-10-29,21:46:49]:setField=[41]
[1999-10-29,21:46:49]:=================<8>=================
0000 : 33-30-30-30 30-30-30-32                         || 30000002
[1999-10-29,21:46:49]:setField=[42]
[1999-10-29,21:46:49]:================<15>=================
0000 : 30-30-30-30 30-30-30-30 30-30-30-30 30-30-30    || 000000000000000
[1999-10-29,21:46:49]:send buffer[51]:
[1999-10-29,21:46:49]:================<51>=================
0000 : 00-31-60-00 03-00-00-08 00-22-20-00 00-00-C0-00 || .1`......" .....
0016 : 00-99-00-00 4D-17-21-46 49-00-01-56 33-30-30-30 || ....M.!FI..V3000
0032 : 30-30-30-32 30-30-30-30 30-30-30-30 30-30-30-30 || 0002000000000000
0048 : 30-30-30                                        || 000
[1999-10-29,21:47:34]:connect error
[1999-10-29,21:47:34]:交易[1]处理不成功[8]!!!
[1999-10-29,21:47:34]:MsgID:
[1999-10-29,21:47:34]:=================<2>=================
0000 : 08-00                                           || ..
[1999-10-29,21:47:34]:BITMAP:
[1999-10-29,21:47:34]:=================<8>=================
0000 : 22-20-00-00 00-C0-00-00                         || " ......
[1999-10-29,21:47:34]:setField=[3]
[1999-10-29,21:47:34]:=================<6>=================
0000 : 39-39-30-30 30-30                               || 990000
[1999-10-29,21:47:34]:setField=[7]
[1999-10-29,21:47:34]:=================<5>=================
0000 : 4D-17-21-47 34                                  || M.!G4
[1999-10-29,21:47:34]:setField=[11]
[1999-10-29,21:47:34]:=================<6>=================
0000 : 30-30-30-31 35-37                               || 000157
[1999-10-29,21:47:34]:setField=[41]
[1999-10-29,21:47:34]:=================<8>=================
0000 : 33-30-30-30 30-30-30-32                         || 30000002
[1999-10-29,21:47:34]:setField=[42]
[1999-10-29,21:47:34]:================<15>=================
0000 : 30-30-30-30 30-30-30-30 30-30-30-30 30-30-30    || 000000000000000
[1999-10-29,21:47:35]:send buffer[51]:
[1999-10-29,21:47:35]:================<51>=================
0000 : 00-31-60-00 03-00-00-08 00-22-20-00 00-00-C0-00 || .1`......" .....
0016 : 00-99-00-00 4D-17-21-47 34-00-01-57 33-30-30-30 || ....M.!G4..W3000
0032 : 30-30-30-32 30-30-30-30 30-30-30-30 30-30-30-30 || 0002000000000000
0048 : 30-30-30                                        || 000
