10000|权限位置查询|刘志广|1|Y|0|0|0|0|0
610101|权限位置查询|刘志广|1|Y|0|0|0|0|0
610102|操作员登陆|刘志广|1|Y|0|0|0|0|0
610103|操作员登出|刘志广|1|Y|0|0|0|0|0
610115|操作员密码重置|刘志广|1|Y|0|0|0|0|0
610116|交易初始化|刘志广|1|Y|0|0|0|0|0
610104|操作员管理|刘志广|3|Y|0|0|0|0|0
610107|操作员管理-查询|刘志广|3|Y|0|0|0|0|0
610108|操作员管理-初始化查询|刘志广|3|Y|0|0|0|0|0
610106|操作员管理-删除|刘志广|3|Y|0|0|0|0|0
610105|操作员管理-修改|刘志广|3|Y|0|0|0|0|0
610510|操作员客户关系-设置|刘志广|3|Y|0|0|0|0|0
610520|操作员客户关系-查询|刘志广|3|Y|0|0|0|0|0
610521|操作员客户关系-初始化查询|刘志广|3|Y|0|0|0|0|0
610511|操作员客户关系-删除|刘志广|3|Y|0|0|0|0|0
650180|增加客户类|刘志广|3|Y|0|0|0|0|0
650181|修改客户类|刘志广|3|Y|0|0|0|0|0
650182|删除客户类|刘志广|3|Y|0|0|0|0|0
650183|查询客户类－正常查询|刘志广|3|Y|0|0|0|0|0
650184|查询客户类－授权初始化|刘志广|3|Y|0|0|0|0|0
610140|设置登陆站点|刘志广|3|Y|0|0|0|0|0
610141|删除登陆站点|刘志广|3|Y|0|0|0|0|0
610142|查询登陆站点-初始化|刘志广|3|Y|0|0|0|0|0
610143|查询登陆站点|刘志广|3|Y|0|0|0|0|0
610130|增加站点|朱鑫巍|3|Y|0|0|0|0|0
610131|修改站点|朱鑫巍|3|Y|0|0|0|0|0
610132|删除站点|朱鑫巍|3|Y|0|0|0|0|0
610133|查询站点|朱鑫巍|3|Y|0|0|0|0|0
610134|查询站点-初始化|朱鑫巍|3|Y|0|0|0|0|0
650100|客户开户|朱鑫巍|3|Y|0|0|0|0|0
650101|ini|xinweizhu|3|Y|0|0|0|0|0
650102|根据客户类ini|xinweizhu|3|Y|0|0|0|0|0
650103|客户销户|刘志广|3|Y|0|0|0|0|0
650120|根据客户号查询客户户信息|朱鑫巍|3|Y|0|0|0|0|0
650125|修改客户信息|朱鑫巍|3|Y|0|0|0|0|0
650105|检查客户简称匹配|史大江|3|Y|0|0|0|0|0
650106|检查客户全称匹配|史大江|3|Y|0|0|0|0|0
650130|密码的修改中的客户查询|朱鑫巍|3|Y|0|0|0|0|0
650131|修改客户密码||0|Y|0|0|0|0|0
650132|客户密码重置|朱鑫巍|3|Y|0|0|0|0|0
650133|修改交易密码||0|Y|0|0|0|0|0
650134|交易密码重置|朱鑫巍|3|Y|0|0|0|0|0
650135|密码流水查询|朱鑫巍|3|Y|0|0|0|0|0
650140|交易编码查询根据客户号|朱鑫巍|3|Y|0|0|0|0|0
650144|修改交易编码主副标志|朱鑫巍|3|Y|0|0|0|0|0
650145|交易编码增加|朱鑫巍|3|Y|0|0|0|0|0
650146|交易编码删除|朱鑫巍|3|Y|0|0|0|0|0
650150|银行帐号查询根据客户号|朱鑫巍|3|Y|0|0|0|0|0
650154|修改银行帐号主副标志|朱鑫巍|3|Y|0|0|0|0|0
650155|银行帐号增加|朱鑫巍|3|Y|0|0|0|0|0
650156|银行帐号删除|朱鑫巍|3|Y|0|0|0|0|0
650160|在开始日期和结束日期内，根据客户简称和客户属性查找客户信息|朱鑫巍|3|Y|0|0|0|0|0
650161|在开始日期和结束日期内，根据客户简称和客户属性查找开户数，销户数，冻结数||0|Y|0|0|0|0|0
610410|增加岗位 |胡伟平 |3|Y|0|0|0|0|0
610411|修改岗位 |胡伟平 |3|Y|0|0|0|0|0
610420|查询岗位 |胡伟平 |3|Y|0|0|0|0|0
610421|初始化岗位查询 |胡伟平 |3|Y|0|0|0|0|0
610412|删除岗位 |胡伟平 |3|Y|0|0|0|0|0
610210|增加交割品种 |胡伟平 |3|Y|0|0|0|0|0
610211|修改交割品种 |胡伟平 |3|Y|0|0|0|0|0
610212|删除交割品种 |胡伟平 |3|Y|0|0|0|0|0
610213|查询交割品种 |胡伟平 |3|Y|0|0|0|0|0
610214|初始化交割品种查询 |胡伟平 |3|Y|0|0|0|0|0
610250|增加仓库 |胡伟平 |3|Y|0|0|0|0|0
610251|修改仓库 |胡伟平 |3|Y|0|0|0|0|0
610252|删除仓库 |胡伟平 |3|Y|0|0|0|0|0
610253|查询仓库 |胡伟平 |3|Y|0|0|0|0|0
610254|初始化仓库查询 |胡伟平|3|Y|0|0|0|0|0
610310|增加席位 |胡伟平 |3|Y|0|0|0|0|0
610311|修改席位 |胡伟平 |3|Y|0|0|0|0|0
610312|删除席位 |胡伟平 |3|Y|0|0|0|0|0
610313|查询席位 |胡伟平 |3|Y|0|0|0|0|0
610314|初始化席位查询 |胡伟平 |3|Y|0|0|0|0|0
610320|增加席位参数 |胡伟平 |3|Y|0|0|0|0|0
610321|修改席位参数 |胡伟平 |3|Y|0|0|0|0|0
610322|删除席位参数 |胡伟平 |3|Y|0|0|0|0|0
610323|查询席位参数 |胡伟平 |3|Y|0|0|0|0|0
610331|修改交易参数 |胡伟平 |3|Y|0|0|0|0|0
610333|查询交易参数 |胡伟平 |3|Y|0|0|0|0|0
610334|初始化交易查询 |胡伟平 |3|Y|0|0|0|0|0
610341|修改清算参数 |胡伟平 |3|Y|0|0|0|0|0
610343|查询清算参数 |胡伟平 |3|Y|0|0|0|0|0
610351|修改内部参数 |胡伟平 |3|Y|0|0|0|0|0
610353|查询内部参数 |胡伟平 |3|Y|0|0|0|0|0
610264|初始化市场查询|胡伟平|3|Y|0|0|0|0|0
610201|交易所代码的添加语句！ |曹志刚 |3|Y|0|0|0|0|0
610209|交易所代码的添加语句！ |曹志刚 |3|Y|0|0|0|0|0
610202|查询交易所信息的代码！ |曹志刚 |3|Y|0|0|0|0|0
610203|修改交易所代码信息代码的语句！ |曹志刚 |3|Y|0|0|0|0|0
610204|没有任何条件的查询交易所信息的语句！ |曹志刚 |3|Y|0|0|0|0|0
610220|增加交易品种的代码！ |曹志刚 |3|Y|0|0|0|0|0
610221|修改现货品种代码！ |曹志刚 |3|Y|0|0|0|0|0
610222|删除现货产品交易信息！ |曹志刚 |3|Y|0|0|0|0|0
610223|查询满足一定条件显示全部信息现货品种信息语句！ |曹志刚 |3|Y|0|0|0|0|0
610224|查询没有输入显示部分现货品种信息语句！ |曹志刚 |3|Y|0|0|0|0|0
610225|查询满足一定条件显示部分现货品种信息语句！ |曹志刚 |3|Y|0|0|0|0|0
610226|根据席位号码,查询相对应的现货品种！ |CZG |3|Y|0|0|0|0|0
610236|根据席位号码,查询相对应的T+N品种！ |CZG |3|Y|0|0|0|0|0
610246|根据席位号码,查询相对应的递延品种！ |CZG |3|Y|0|0|0|0|0
610247|根据席位号码,查询相对应的交割品种！ |CZG |3|Y|0|0|0|0|0
610230|增加T+N品种的代码！ |曹志刚 |3|Y|0|0|0|0|0
610231|修改T+N品种代码！ |曹志刚 |3|Y|0|0|0|0|0
610232|删除T+N产品交易信息！ |曹志刚 |3|Y|0|0|0|0|0
610233|查询满足一定条件显示全部信息T+N品种信息语句！ |曹志刚 |3|Y|0|0|0|0|0
610234|查询没有输入显示部分T+N品种信息语句！ |曹志刚 |3|Y|0|0|0|0|0
610235|查询满足一定条件显示部分T+N品种信息语句！ |曹志刚 |3|Y|0|0|0|0|0
610240|增加递延品种的代码！ |曹志刚 |3|Y|0|0|0|0|0
610241|修改递延品种代码！ |曹志刚 |3|Y|0|0|0|0|0
610242|删除递延产品交易信息！ |曹志刚 |3|Y|0|0|0|0|0
610243|查询满足一定条件显示全部信息递延品种信息语句！ |曹志刚 |3|Y|0|0|0|0|0
610244|查询没有输入显示部分递延品种信息语句！ |曹志刚 |3|Y|0|0|0|0|0
610245|查询满足一定条件显示部分递延品种信息语句！ |曹志刚 |3|Y|0|0|0|0|0
630500|查询客户资金出入信息代码！ |曹志刚 |3|Y|0|0|0|0|0
630501|添加客户资金出入信息代码！ |曹志刚 |3|Y|0|0|0|0|0
630502|修改客户资金出入信息代码！ |曹志刚 |3|Y|0|0|0|0|0
630503|删除客户资金出入信息代码！ |曹志刚 |3|Y|0|0|0|0|0
630504|查询客户风险状态信息代码！ |曹志刚 |3|Y|0|0|0|0|0
630505|查询出入金明细！ |CZG |3|Y|0|0|0|0|0
630520|查询客户资金出入复核信息代码！ |曹志刚 |3|Y|0|0|0|0|0
630521|复核客户资金出入复核代码！ |曹志刚 |3|Y|0|0|0|0|0
630522|删除客户资金出入复核代码！ |曹志刚 |3|Y|0|0|0|0|0
630523|冲销客户资金出入复核代码！ |曹志刚 |3|Y|0|0|0|0|0
630510|查询资金内转的相关信息！ |曹志刚 |3|Y|0|0|0|0|0
630511|添加资金内转相关信息！ |曹志刚 |3|Y|0|0|0|0|0
630512| 修改资金内转相关信息代码！ |曹志刚 |3|Y|0|0|0|0|0
630513|删除资金内转相关信息代码！ |曹志刚 |3|Y|0|0|0|0|0
630514|查询帐面资金的相关信息代码！ |曹志刚 |3|Y|0|0|0|0|0
630530|查询客户资金内转复核的相关信息代码！ |曹志刚 |3|Y|0|0|0|0|0
630531|复核客户资金内转复核的相关信息代码！ |曹志刚 |3|Y|0|0|0|0|0
630532|删除客户资金内转复核的的相关信息代码！ |曹志刚 |3|Y|0|0|0|0|0
630533|冲销客户资金内转复核的的相关信息代码！ |曹志刚 |3|Y|0|0|0|0|0
630540|查询席位资金的相关信息！ |曹志刚 |3|Y|0|0|0|0|0
630541|添加席位资金相关信息！ |曹志刚 |3|Y|0|0|0|0|0
630542| 修改席位资金相关信息代码！ |曹志刚 |3|Y|0|0|0|0|0
630543|删除席位资金相关信息代码！ |曹志刚 |3|Y|0|0|0|0|0
630550|查询席位资金复核的相关信息！ |曹志刚 |3|Y|0|0|0|0|0
630551|复核席位资金的相关信息！ |曹志刚 |3|Y|0|0|0|0|0
630552|删除席位资金没有复核的相关信息！ |曹志刚 |3|Y|0|0|0|0|0
630553|冲销席位资金已经复核的相关信息！ |曹志刚 |3|Y|0|0|0|0|0
630560|查询利率相关信息！ |曹志刚 |3|Y|0|0|0|0|0
630561|添加利率相关信息！ |曹志刚 |3|Y|0|0|0|0|0
630562|修改利率的相关信息！ |曹志刚 |3|Y|0|0|0|0|0
630563|删除利率的相关信息！ |曹志刚 |3|Y|0|0|0|0|0
630350|客户标准保证金设置！ |曹志刚 |3|Y|0|0|0|0|0
630351|修改客户标准保证金设置！ |曹志刚 |3|Y|0|0|0|0|0
630352|查询客户标准保证金设置！ |曹志刚 |3|Y|0|0|0|0|0
630353|删除客户标准保证金设置！ |CZG |3|Y|0|0|0|0|0
630360|客户标准交割费设置！ |曹志刚 |3|Y|0|0|0|0|0
630361|修改客户标准交割费设置！ |曹志刚 |3|Y|0|0|0|0|0
630362|查询客户标准交割费设置！ |曹志刚 |3|Y|0|0|0|0|0
630363|删除客户标准交割费设置！ |CZG |3|Y|0|0|0|0|0
630370|查询相对应的特殊费率的情况！ |CZG |3|Y|0|0|0|0|0
630371|设置特殊的费率的情况！ |CZG |3|Y|0|0|0|0|0
630372|修改特殊的费率的情况！！ |CZG |3|Y|0|0|0|0|0
630373|删除特殊的费率的情况！！ |CZG |3|Y|0|0|0|0|0
630200|查询结算价表相关信息！ |曹志刚 |3|Y|0|0|0|0|0
630201|添加结算价表相关信息！ |曹志刚 |3|Y|0|0|0|0|0
630202|修改结算价表的相关信息！ |曹志刚 |3|Y|0|0|0|0|0
630203|删除结算价表的相关信息！ |曹志刚 |3|Y|0|0|0|0|0
630204|返回是否还有其他没有设置结算价表的相关信息！ |曹志刚 |3|Y|0|0|0|0|0
630210|查询补偿金相关信息！ |曹志刚 |3|Y|0|0|0|0|0
630211|添加补偿金相关信息！ |曹志刚 |3|Y|0|0|0|0|0
630212|修改补偿金的相关信息！ |曹志刚 |3|Y|0|0|0|0|0
630213|删除补偿金的相关信息！ |曹志刚 |3|Y|0|0|0|0|0
630214|返回是否还有其他没有补偿金表的相关信息！ |曹志刚 |3|Y|0|0|0|0|0
630220|查询各种成交单的相关情况！ |CZG |3|Y|0|0|0|0|0
630221|返回各种成交单的统计情况！ |CZG |3|Y|0|0|0|0|0
630222|设置各种成交单！ |CZG |3|Y|0|0|0|0|0
630223|修改各种成交单的相关情况！ |CZG |3|Y|0|0|0|0|0
630224|删除各种成交单的相关情况！ |CZG |3|Y|0|0|0|0|0
630225|实现费率的实时跟新！ |CZG |3|Y|0|0|0|0|0
630226|实现在T+N成交单中,查询相关的对应信息！ |CZG |3|Y|0|0|0|0|0
630227|实现在交单中,根据主键值查询相关的对应信息！ |CZG |3|Y|0|0|0|0|0
630228|增加成交单时手续费率的查询|刘志广 |3|Y|0|0|0|0|0
630229|增加成交单时到期日的查询|刘志广 |3|Y|0|0|0|0|0
630230|查询T+N强平对应未到期成交单|史大江|3|Y|0|0|0|0|0
670107|实现现货交易品种的情况！！ |CZG |3|Y|0|0|0|0|0
670102|实现资金对帐表的相关信息！！ |CZG |3|Y|0|0|0|0|0
670103|实现资金对帐表统计的相关信息！！ |CZG |3|Y|0|0|0|0|0
630529|实现客户利息的查询信息！！ |CZG |3|Y|0|0|0|0|0
630310|席位标准手续费率设置|刘志广|3|Y|0|0|0|0|0
630311|席位标准手续费率修改|刘志广|3|Y|0|0|0|0|0
630312|席位标准手续费率查询|刘志广|3|Y|0|0|0|0|0
630313|删除标准手续费的相关信息！ |CZG |3|Y|0|0|0|0|0
630320|席位标准保证金率设置|刘志广|3|Y|0|0|0|0|0
630321|席位标准保证金率修改|刘志广|3|Y|0|0|0|0|0
630322|席位标准保证金率查询|刘志广|3|Y|0|0|0|0|0
630323|删除席位标准保证金相关信息！ |CZG |3|Y|0|0|0|0|0
630325|调整席位标准保证金率设置|刘志广|3|Y|0|0|0|0|0
630326|调整席位标准保证金率修改|刘志广|3|Y|0|0|0|0|0
630327|调整席位标准保证金率查询|刘志广|3|Y|0|0|0|0|0
630329|删除席位调整费率|刘志广|3|Y|0|0|0|0|0
630330|席位标准交割费率设置|刘志广|3|Y|0|0|0|0|0
630331|席位标准交割费率修改|刘志广|3|Y|0|0|0|0|0
630332|席位标准交割费率查询|刘志广|3|Y|0|0|0|0|0
630333|删除席位标准交割费相关信息！ |CZG |3|Y|0|0|0|0|0
630340|客户标准手续费率设置|刘志广|3|Y|0|0|0|0|0
630341|客户标准手续费率修改|刘志广|3|Y|0|0|0|0|0
630342|客户标准手续费率查询|刘志广|3|Y|0|0|0|0|0
630343|客户标准手续费率删除|CZG |3|Y|0|0|0|0|0
630355|调整客户标准保证金率设置|刘志广|3|Y|0|0|0|0|0
630356|调整客户标准保证金率修改|刘志广|3|Y|0|0|0|0|0
630357|调整客户标准保证金率查询|刘志广|3|Y|0|0|0|0|0
630359|删除客户调整费率|刘志广|3|Y|0|0|0|0|0
630400|结算|刘志广|3|Y|0|0|0|0|0
630410|结算开始日期返回|刘志广|3|Y|0|0|0|0|0
640210|违约单增加|刘志广|3|Y|0|0|0|0|0
640211|违约单查询|刘志广|3|Y|0|0|0|0|0
640212|违约单修改|刘志广|3|Y|0|0|0|0|0
640213|违约单删除|刘志广|3|Y|0|0|0|0|0
680100|实现对市场状态的查询处理！！ |CZG |3|Y|0|0|0|0|0
680101|实现对市场状态的添加设置！！ |CZG |3|Y|0|0|0|0|0
680102|实现对市场状态的修改设置！！ |CZG |3|Y|0|0|0|0|0
680103|实现市场状态的删除管理！！ |CZG |3|Y|0|0|0|0|0
680104|实现市场交易状态的设置管理！！ |CZG |3|Y|0|0|0|0|0
680105|实现对客户交易状态的查询处理！！ |CZG |3|Y|0|0|0|0|0
680106|实现对客户交易状态的添加设置！！ |CZG |3|Y|0|0|0|0|0
680107|实现对客户交易状态的修改设置！！ |CZG |3|Y|0|0|0|0|0
680108|实现客户交易状态的删除管理！！ |CZG |3|Y|0|0|0|0|0
680109|实现对系统初始化的查询！！ |CZG |3|Y|0|0|0|0|0
610110|实现操作人员密码的修改设置！！ |CZG |3|Y|0|0|0|0|0
610111|实现操作人员的相关信息的查询！！ |CZG |3|Y|0|0|0|0|0
670101|仓储统计|wph|3|Y|0|0|0|0|0
670201|交割单查询|wph|3|Y|0|0|0|0|0
670230|资金状况|wph|3|Y|0|0|0|0|0
670231|费用明细|wph|3|Y|0|0|0|0|0
670232|成交记录|wph|3|Y|0|0|0|0|0
670233|持仓记录|wph|3|Y|0|0|0|0|0
670238|库存记录|wph|3|Y|0|0|0|0|0
620403|现货合约查询 |Taojin|2|Y|0|0|0|0|0
620404|现货t+n合约查询 |Taojin|2|Y|0|0|0|0|0
620405|现货递延合约查询 |Taojin|2|Y|0|0|0|0|0
620406|现货实时行情查询 |Taojin|2|Y|0|0|0|0|0
620407|现货t+n实时行情查询 |Taojin|2|Y|0|0|0|0|0
620408|现货递延实时行情查询 |Taojin|2|Y|0|0|0|0|0
620409|现货分钟行情查询 |Taojin|2|Y|0|0|0|0|0
620410|现货t+n分钟行情查询 |Taojin|2|Y|0|0|0|0|0
620411|现货递延分钟行情查询 |Taojin|2|Y|0|0|0|0|0
620430|现货委托 |Taojin|1|Y|0|0|0|0|0
620431|现货委托撤销 |Taojin|1|Y|0|0|0|0|0
620432|现货委托撤销回报 |Taojin|1|Y|0|0|0|0|0
620435|现货委托回报 |Taojin|1|Y|0|0|0|0|0
620436|现货成交回报 |Taojin|1|Y|0|0|0|0|0
620450|T+N委托下单 |wph |1|Y|0|0|0|0|0
620451|T+N委托撤销 |wph |1|Y|0|0|0|0|0
620452|T+N委托撤销回报 |wph |1|Y|0|0|0|0|0
620455|T+N委托回报 |wph |1|Y|0|0|0|0|0
620456|T+N成交回报 |wph |1|Y|0|0|0|0|0
620480|递延委托 |Taojin|1|Y|0|0|0|0|0
620481|递延委托撤销 |Taojin|1|Y|0|0|0|0|0
620482|递延委托撤销回报 |Taojin|1|Y|0|0|0|0|0
620483| |Taojin|1|Y|0|0|0|0|0
620484| |Taojin|1|Y|0|0|0|0|0
620485|递延委托回报 |Taojin|1|Y|0|0|0|0|0
620486|递延成交回报 |Taojin|1|Y|0|0|0|0|0
620487|递延交割委托 |Taojin|1|Y|0|0|0|0|0
620488|递延交割委托撤销 |Taojin|1|Y|0|0|0|0|0
620489|递延交割委托撤销回报 |Taojin|1|Y|0|0|0|0|0
620490| |Taojin|1|Y|0|0|0|0|0
620491| |Taojin|1|Y|0|0|0|0|0
620492|递延交割委托回报 |Taojin|1|Y|0|0|0|0|0
620493|递延交割成交回报 |Taojin|1|Y|0|0|0|0|0
620494|递延中立仓委托 |Taojin|1|Y|0|0|0|0|0
620495|递延中立仓委托撤销 |Taojin|1|Y|0|0|0|0|0
620496|递延中立仓委托撤销回报 |Taojin|1|Y|0|0|0|0|0
620497| |Taojin|1|Y|0|0|0|0|0
620498| |Taojin|1|Y|0|0|0|0|0
620499|递延中立仓委托回报 |Taojin|1|Y|0|0|0|0|0
620500|递延中立仓成交回报 |Taojin|1|Y|0|0|0|0|0
620403|查询现货合约信息|taojin|2|Y|0|0|0|0|0
620404|查询tn合约信息|taojin|2|Y|0|0|0|0|0
620405|查询递延合约信息|taojin|2|Y|0|0|0|0|0
620406|查询现货行情信息|taojin|2|Y|0|0|0|0|0
620407|查询tn行情信息|taojin|2|Y|0|0|0|0|0
620408|查询递延行情信息|taojin|2|Y|0|0|0|0|0
610264|初始化市场查询|wph|2|Y|0|0|0|0|0
650109|查询交易编码及席位号|xiaozhu|3|Y|0|0|0|0|0
620552|客户资金查询|胡伟平|3|Y|0|0|0|0|0
620553|品种查询|胡伟平|3|Y|0|0|0|0|0
620555|客户信息查询|胡伟平|3|Y|0|0|0|0|0
620554|客户交易编码查询|胡伟平|3|Y|0|0|0|0|0
620551|客户持仓查询|胡伟平|3|Y|0|0|0|0|0
620563|库存查询|xiaozhu|3|Y|0|0|0|0|0
620558|报单查询|xiaozhu|3|Y|0|0|0|0|0
620559|成交单查询|xiaozhu|3|Y|0|0|0|0|0
620561|递延交割申报查询|xiaozhu|3|Y|0|0|0|0|0
620562|递延交割申报成交单查询|xiaozhu|3|Y|0|0|0|0|0
620560|中立仓申报查询|xiaozhu|3|Y|0|0|0|0|0
621410|交易所现货行情信息|陶进|2|Y|0|0|0|0|0
621411|交易所tn行情信息|陶进|2|Y|0|0|0|0|0
621412|交易所递延行情信息|陶进|2|Y|0|0|0|0|0
630525|由票证号进行复核|陶进|1|Y|0|0|0|0|0
630526|根据票证号,交易日期,实现对出入金的冲销|陶进|1|Y|0|0|0|0|0
620590|查询交易所需资金|陶进|2|Y|0|0|0|0|0
610601|设置假日日期|史大江|3|Y|0|0|0|0|0
610602|删除假日日期|史大江|3|Y|0|0|0|0|0
610603|查询假日日期|史大江|3|Y|0|0|0|0|0
640120|库存变化流水查询|wht|3|Y|0|0|0|0|0
640121|库存变化流水增加|wht|3|Y|0|0|0|0|0
640122|库存变化流水修改|wht|3|Y|0|0|0|0|0
640123|库存变化流水删除|wht|3|Y|0|0|0|0|0
630300|现货成交单数据导入|刘志广|3|Y|0|0|0|0|0
630301|远期成交单数据导入|刘志广|3|Y|0|0|0|0|0
630303|递延成交单数据导入|刘志广|3|Y|0|0|0|0|0
630304|交割申报成交单数据导入|刘志广|3|Y|0|0|0|0|0
630305|库存流水数据导入|刘志广|3|Y|0|0|0|0|0
630306|费用明细数据导入|刘志广|3|Y|0|0|0|0|0
630307|违约单数据导入|刘志广|3|Y|0|0|0|0|0
630308|库存数据导入|刘志广|3|Y|0|0|0|0|0
630309|库存明细数据导入|刘志广|3|Y|0|0|0|0|0
670240|客户库存报表|史大江|3|Y|0|0|0|0|0
670241|客户对帐报表|史大江|3|Y|0|0|0|0|0
670243|席位对帐报表|史大江|3|Y|0|0|0|0|0
630205|导入结算价|苏小峰|1|Y|0|0|0|0|0
610701|查询字典|苏小峰|1|Y|0|0|0|0|0
610702|设置字典|苏小峰|1|Y|0|0|0|0|0
680110|合约状态改变通知|苏小峰|1|Y|0|0|0|0|0
680111|市场状态改变通知|苏小峰|1|Y|0|0|0|0|0
620701|会员应急密码修改|苏小峰|1|Y|0|0|0|0|0
620702|会员应急密码修改回报|苏小峰|1|Y|0|0|0|0|0
620807|远程客户库存查询|苏小峰|1|Y|0|0|0|0|0
620808|远程客户库存查询回报|苏小峰|1|Y|0|0|0|0|0
630420|查询提货申请|苏小峰|1|Y|0|0|0|0|0
630421|增加提货申请|苏小峰|1|Y|0|0|0|0|0
630422|修改提货申请|苏小峰|1|Y|0|0|0|0|0
630423|删除提货申请|苏小峰|1|Y|0|0|0|0|0
630231|从实时库导入成交数据|苏小峰|1|Y|0|0|0|0|0
670250|查询报表参数|史大江|3|Y|0|0|0|0|0
670251|修改报表参数|史大江|3|Y|0|0|0|0|0
620903|查询递延费率|史大江|1|Y|0|0|0|0|0
620904|返回递延费率|史大江|1|Y|0|0|0|0|0
620905|查询会员远程资金|史大江|1|Y|0|0|0|0|0
620906|返回会员远程资金|史大江|1|Y|0|0|0|0|0
